::1 - - [Sun, 24 Apr 2022 19:08:41 GMT] "GET /api-docs/ HTTP/1.1" 304 - "-" "Mozilla/5.0 (Windows NT 10.0; Win64; x64) AppleWebKit/537.36 (KHTML, like Gecko) Chrome/100.0.4896.127 Safari/537.36"
method:: GET 	 url:: /api-docs/ 	 host:: localhost 	status:: 304 	 content-length:: - 	response-time:: 4.549 ms
::1 - - [Sun, 24 Apr 2022 19:08:42 GMT] "GET /api-docs/swagger-ui-init.js HTTP/1.1" 304 - "http://localhost:5000/api-docs/" "Mozilla/5.0 (Windows NT 10.0; Win64; x64) AppleWebKit/537.36 (KHTML, like Gecko) Chrome/100.0.4896.127 Safari/537.36"
method:: GET 	 url:: /api-docs/swagger-ui-init.js 	 host:: localhost 	status:: 304 	 content-length:: - 	response-time:: 0.311 ms
::1 - - [Sun, 24 Apr 2022 19:08:42 GMT] "GET /api-docs/swagger-ui.css HTTP/1.1" 200 143980 "http://localhost:5000/api-docs/" "Mozilla/5.0 (Windows NT 10.0; Win64; x64) AppleWebKit/537.36 (KHTML, like Gecko) Chrome/100.0.4896.127 Safari/537.36"
method:: GET 	 url:: /api-docs/swagger-ui.css 	 host:: localhost 	status:: 200 	 content-length:: 143980 	response-time:: 15.315 ms
::1 - - [Sun, 24 Apr 2022 19:08:42 GMT] "GET /api-docs/swagger-ui-standalone-preset.js HTTP/1.1" 200 339540 "http://localhost:5000/api-docs/" "Mozilla/5.0 (Windows NT 10.0; Win64; x64) AppleWebKit/537.36 (KHTML, like Gecko) Chrome/100.0.4896.127 Safari/537.36"
method:: GET 	 url:: /api-docs/swagger-ui-standalone-preset.js 	 host:: localhost 	status:: 200 	 content-length:: 339540 	response-time:: 11.995 ms
::1 - - [Sun, 24 Apr 2022 19:08:42 GMT] "GET /api-docs/swagger-ui-bundle.js HTTP/1.1" 200 1095130 "http://localhost:5000/api-docs/" "Mozilla/5.0 (Windows NT 10.0; Win64; x64) AppleWebKit/537.36 (KHTML, like Gecko) Chrome/100.0.4896.127 Safari/537.36"
method:: GET 	 url:: /api-docs/swagger-ui-bundle.js 	 host:: localhost 	status:: 200 	 content-length:: 1095130 	response-time:: 10.904 ms
::1 - - [Sun, 24 Apr 2022 19:08:42 GMT] "GET /api-docs/favicon-32x32.png HTTP/1.1" 200 628 "http://localhost:5000/api-docs/" "Mozilla/5.0 (Windows NT 10.0; Win64; x64) AppleWebKit/537.36 (KHTML, like Gecko) Chrome/100.0.4896.127 Safari/537.36"
method:: GET 	 url:: /api-docs/favicon-32x32.png 	 host:: localhost 	status:: 200 	 content-length:: 628 	response-time:: 1.768 ms
::1 - - [Sun, 24 Apr 2022 19:09:07 GMT] "POST /users/getAllUsers/ HTTP/1.1" 400 86 "http://localhost:5000/api-docs/" "Mozilla/5.0 (Windows NT 10.0; Win64; x64) AppleWebKit/537.36 (KHTML, like Gecko) Chrome/100.0.4896.127 Safari/537.36"
method:: POST 	 url:: /users/getAllUsers/ 	 host:: localhost 	status:: 400 	 content-length:: 86 	response-time:: 475.386 ms
::1 - - [Sun, 24 Apr 2022 19:10:20 GMT] "GET /api-docs/ HTTP/1.1" 304 - "-" "Mozilla/5.0 (Windows NT 10.0; Win64; x64) AppleWebKit/537.36 (KHTML, like Gecko) Chrome/100.0.4896.127 Safari/537.36"
method:: GET 	 url:: /api-docs/ 	 host:: localhost 	status:: 304 	 content-length:: - 	response-time:: 5.560 ms
::1 - - [Sun, 24 Apr 2022 19:10:20 GMT] "GET /api-docs/swagger-ui.css HTTP/1.1" 304 - "http://localhost:5000/api-docs/" "Mozilla/5.0 (Windows NT 10.0; Win64; x64) AppleWebKit/537.36 (KHTML, like Gecko) Chrome/100.0.4896.127 Safari/537.36"
method:: GET 	 url:: /api-docs/swagger-ui.css 	 host:: localhost 	status:: 304 	 content-length:: - 	response-time:: 5.561 ms
::1 - - [Sun, 24 Apr 2022 19:10:20 GMT] "GET /api-docs/swagger-ui-bundle.js HTTP/1.1" 304 - "http://localhost:5000/api-docs/" "Mozilla/5.0 (Windows NT 10.0; Win64; x64) AppleWebKit/537.36 (KHTML, like Gecko) Chrome/100.0.4896.127 Safari/537.36"
method:: GET 	 url:: /api-docs/swagger-ui-bundle.js 	 host:: localhost 	status:: 304 	 content-length:: - 	response-time:: 7.229 ms
::1 - - [Sun, 24 Apr 2022 19:10:20 GMT] "GET /api-docs/swagger-ui-init.js HTTP/1.1" 304 - "http://localhost:5000/api-docs/" "Mozilla/5.0 (Windows NT 10.0; Win64; x64) AppleWebKit/537.36 (KHTML, like Gecko) Chrome/100.0.4896.127 Safari/537.36"
method:: GET 	 url:: /api-docs/swagger-ui-init.js 	 host:: localhost 	status:: 304 	 content-length:: - 	response-time:: 0.770 ms
::1 - - [Sun, 24 Apr 2022 19:10:20 GMT] "GET /api-docs/swagger-ui-standalone-preset.js HTTP/1.1" 304 - "http://localhost:5000/api-docs/" "Mozilla/5.0 (Windows NT 10.0; Win64; x64) AppleWebKit/537.36 (KHTML, like Gecko) Chrome/100.0.4896.127 Safari/537.36"
method:: GET 	 url:: /api-docs/swagger-ui-standalone-preset.js 	 host:: localhost 	status:: 304 	 content-length:: - 	response-time:: 4.945 ms
::1 - - [Sun, 24 Apr 2022 19:10:21 GMT] "GET /api-docs/favicon-32x32.png HTTP/1.1" 304 - "http://localhost:5000/api-docs/" "Mozilla/5.0 (Windows NT 10.0; Win64; x64) AppleWebKit/537.36 (KHTML, like Gecko) Chrome/100.0.4896.127 Safari/537.36"
method:: GET 	 url:: /api-docs/favicon-32x32.png 	 host:: localhost 	status:: 304 	 content-length:: - 	response-time:: 0.738 ms
::1 - - [Sun, 24 Apr 2022 19:10:45 GMT] "POST /users/getAllUsers/ HTTP/1.1" 400 122 "http://localhost:5000/api-docs/" "Mozilla/5.0 (Windows NT 10.0; Win64; x64) AppleWebKit/537.36 (KHTML, like Gecko) Chrome/100.0.4896.127 Safari/537.36"
method:: POST 	 url:: /users/getAllUsers/ 	 host:: localhost 	status:: 400 	 content-length:: 122 	response-time:: 601.889 ms
::1 - - [Sun, 24 Apr 2022 19:10:56 GMT] "POST /users/getAllUsers/ HTTP/1.1" 200 322 "http://localhost:5000/api-docs/" "Mozilla/5.0 (Windows NT 10.0; Win64; x64) AppleWebKit/537.36 (KHTML, like Gecko) Chrome/100.0.4896.127 Safari/537.36"
method:: POST 	 url:: /users/getAllUsers/ 	 host:: localhost 	status:: 200 	 content-length:: 322 	response-time:: 594.312 ms
