::1 - - [Sun, 24 Apr 2022 07:18:55 GMT] "GET /users?key=D73373D9B4ED6FEC5B8B2DAF6WA929B1C7D14CDC88B196EBDCCEA77AFF7BB9 HTTP/1.1" 304 - "http://localhost:3000/" "Mozilla/5.0 (Windows NT 10.0; Win64; x64) AppleWebKit/537.36 (KHTML, like Gecko) Chrome/100.0.4896.127 Safari/537.36"
method:: GET 	 url:: /users?key=D73373D9B4ED6FEC5B8B2DAF6WA929B1C7D14CDC88B196EBDCCEA77AFF7BB9 	 host:: localhost 	status:: 304 	 content-length:: - 	response-time:: 331.668 ms
::1 - - [Sun, 24 Apr 2022 07:18:56 GMT] "GET /users?key=D73373D9B4ED6FEC5B8B2DAF6WA929B1C7D14CDC88B196EBDCCEA77AFF7BB9 HTTP/1.1" 304 - "http://localhost:3000/" "Mozilla/5.0 (Windows NT 10.0; Win64; x64) AppleWebKit/537.36 (KHTML, like Gecko) Chrome/100.0.4896.127 Safari/537.36"
method:: GET 	 url:: /users?key=D73373D9B4ED6FEC5B8B2DAF6WA929B1C7D14CDC88B196EBDCCEA77AFF7BB9 	 host:: localhost 	status:: 304 	 content-length:: - 	response-time:: 238.626 ms
::1 - - [Sun, 24 Apr 2022 07:18:56 GMT] "GET /class/get/taught/61db2395a8023735e075a53c HTTP/1.1" 304 - "http://localhost:3000/" "Mozilla/5.0 (Windows NT 10.0; Win64; x64) AppleWebKit/537.36 (KHTML, like Gecko) Chrome/100.0.4896.127 Safari/537.36"
method:: GET 	 url:: /class/get/taught/61db2395a8023735e075a53c 	 host:: localhost 	status:: 304 	 content-length:: - 	response-time:: 246.094 ms
::1 - - [Sun, 24 Apr 2022 07:18:56 GMT] "GET /class/get/studied/61db2395a8023735e075a53c HTTP/1.1" 304 - "http://localhost:3000/" "Mozilla/5.0 (Windows NT 10.0; Win64; x64) AppleWebKit/537.36 (KHTML, like Gecko) Chrome/100.0.4896.127 Safari/537.36"
method:: GET 	 url:: /class/get/studied/61db2395a8023735e075a53c 	 host:: localhost 	status:: 304 	 content-length:: - 	response-time:: 245.873 ms
::1 - - [Sun, 24 Apr 2022 07:18:56 GMT] "GET /class/get/created/61db2395a8023735e075a53c HTTP/1.1" 304 - "http://localhost:3000/" "Mozilla/5.0 (Windows NT 10.0; Win64; x64) AppleWebKit/537.36 (KHTML, like Gecko) Chrome/100.0.4896.127 Safari/537.36"
method:: GET 	 url:: /class/get/created/61db2395a8023735e075a53c 	 host:: localhost 	status:: 304 	 content-length:: - 	response-time:: 263.967 ms
::1 - - [Sun, 24 Apr 2022 07:18:56 GMT] "GET /class/get/taught/61db2395a8023735e075a53c HTTP/1.1" 304 - "http://localhost:3000/" "Mozilla/5.0 (Windows NT 10.0; Win64; x64) AppleWebKit/537.36 (KHTML, like Gecko) Chrome/100.0.4896.127 Safari/537.36"
method:: GET 	 url:: /class/get/taught/61db2395a8023735e075a53c 	 host:: localhost 	status:: 304 	 content-length:: - 	response-time:: 234.900 ms
::1 - - [Sun, 24 Apr 2022 07:18:56 GMT] "GET /class/get/studied/61db2395a8023735e075a53c HTTP/1.1" 304 - "http://localhost:3000/" "Mozilla/5.0 (Windows NT 10.0; Win64; x64) AppleWebKit/537.36 (KHTML, like Gecko) Chrome/100.0.4896.127 Safari/537.36"
method:: GET 	 url:: /class/get/studied/61db2395a8023735e075a53c 	 host:: localhost 	status:: 304 	 content-length:: - 	response-time:: 249.020 ms
::1 - - [Sun, 24 Apr 2022 07:18:56 GMT] "GET /class/get/created/61db2395a8023735e075a53c HTTP/1.1" 304 - "http://localhost:3000/" "Mozilla/5.0 (Windows NT 10.0; Win64; x64) AppleWebKit/537.36 (KHTML, like Gecko) Chrome/100.0.4896.127 Safari/537.36"
method:: GET 	 url:: /class/get/created/61db2395a8023735e075a53c 	 host:: localhost 	status:: 304 	 content-length:: - 	response-time:: 243.656 ms
::1 - - [Sun, 24 Apr 2022 07:21:30 GMT] "GET /api-docs HTTP/1.1" 301 183 "-" "Mozilla/5.0 (Windows NT 10.0; Win64; x64) AppleWebKit/537.36 (KHTML, like Gecko) Chrome/100.0.4896.127 Safari/537.36"
method:: GET 	 url:: /api-docs 	 host:: localhost 	status:: 301 	 content-length:: 183 	response-time:: 1.818 ms
::1 - - [Sun, 24 Apr 2022 07:21:30 GMT] "GET /api-docs/ HTTP/1.1" 200 3102 "-" "Mozilla/5.0 (Windows NT 10.0; Win64; x64) AppleWebKit/537.36 (KHTML, like Gecko) Chrome/100.0.4896.127 Safari/537.36"
method:: GET 	 url:: /api-docs/ 	 host:: localhost 	status:: 200 	 content-length:: 3102 	response-time:: 3.474 ms
::1 - - [Sun, 24 Apr 2022 07:21:30 GMT] "GET /api-docs/swagger-ui.css HTTP/1.1" 200 143980 "http://localhost:5000/api-docs/" "Mozilla/5.0 (Windows NT 10.0; Win64; x64) AppleWebKit/537.36 (KHTML, like Gecko) Chrome/100.0.4896.127 Safari/537.36"
method:: GET 	 url:: /api-docs/swagger-ui.css 	 host:: localhost 	status:: 200 	 content-length:: 143980 	response-time:: 51.277 ms
::1 - - [Sun, 24 Apr 2022 07:21:30 GMT] "GET /api-docs/swagger-ui-init.js HTTP/1.1" 200 15719 "http://localhost:5000/api-docs/" "Mozilla/5.0 (Windows NT 10.0; Win64; x64) AppleWebKit/537.36 (KHTML, like Gecko) Chrome/100.0.4896.127 Safari/537.36"
method:: GET 	 url:: /api-docs/swagger-ui-init.js 	 host:: localhost 	status:: 200 	 content-length:: 15719 	response-time:: 0.980 ms
::1 - - [Sun, 24 Apr 2022 07:21:30 GMT] "GET /api-docs/swagger-ui-standalone-preset.js HTTP/1.1" 200 339540 "http://localhost:5000/api-docs/" "Mozilla/5.0 (Windows NT 10.0; Win64; x64) AppleWebKit/537.36 (KHTML, like Gecko) Chrome/100.0.4896.127 Safari/537.36"
method:: GET 	 url:: /api-docs/swagger-ui-standalone-preset.js 	 host:: localhost 	status:: 200 	 content-length:: 339540 	response-time:: 19.669 ms
::1 - - [Sun, 24 Apr 2022 07:21:30 GMT] "GET /api-docs/swagger-ui-bundle.js HTTP/1.1" 200 1095130 "http://localhost:5000/api-docs/" "Mozilla/5.0 (Windows NT 10.0; Win64; x64) AppleWebKit/537.36 (KHTML, like Gecko) Chrome/100.0.4896.127 Safari/537.36"
method:: GET 	 url:: /api-docs/swagger-ui-bundle.js 	 host:: localhost 	status:: 200 	 content-length:: 1095130 	response-time:: 18.717 ms
::1 - - [Sun, 24 Apr 2022 07:21:34 GMT] "GET / HTTP/1.1" 404 139 "-" "Mozilla/5.0 (Windows NT 10.0; Win64; x64) AppleWebKit/537.36 (KHTML, like Gecko) Chrome/100.0.4896.127 Safari/537.36"
method:: GET 	 url:: / 	 host:: localhost 	status:: 404 	 content-length:: 139 	response-time:: 0.963 ms
::1 - - [Sun, 24 Apr 2022 07:21:46 GMT] "GET /api-docs/ HTTP/1.1" 304 - "-" "Mozilla/5.0 (Windows NT 10.0; Win64; x64) AppleWebKit/537.36 (KHTML, like Gecko) Chrome/100.0.4896.127 Safari/537.36"
method:: GET 	 url:: /api-docs/ 	 host:: localhost 	status:: 304 	 content-length:: - 	response-time:: 1.531 ms
::1 - - [Sun, 24 Apr 2022 07:21:46 GMT] "GET /api-docs/swagger-ui.css HTTP/1.1" 304 - "http://localhost:5000/api-docs/" "Mozilla/5.0 (Windows NT 10.0; Win64; x64) AppleWebKit/537.36 (KHTML, like Gecko) Chrome/100.0.4896.127 Safari/537.36"
method:: GET 	 url:: /api-docs/swagger-ui.css 	 host:: localhost 	status:: 304 	 content-length:: - 	response-time:: 4.022 ms
::1 - - [Sun, 24 Apr 2022 07:21:46 GMT] "GET /api-docs/swagger-ui-bundle.js HTTP/1.1" 304 - "http://localhost:5000/api-docs/" "Mozilla/5.0 (Windows NT 10.0; Win64; x64) AppleWebKit/537.36 (KHTML, like Gecko) Chrome/100.0.4896.127 Safari/537.36"
method:: GET 	 url:: /api-docs/swagger-ui-bundle.js 	 host:: localhost 	status:: 304 	 content-length:: - 	response-time:: 5.218 ms
::1 - - [Sun, 24 Apr 2022 07:21:46 GMT] "GET /api-docs/swagger-ui-standalone-preset.js HTTP/1.1" 304 - "http://localhost:5000/api-docs/" "Mozilla/5.0 (Windows NT 10.0; Win64; x64) AppleWebKit/537.36 (KHTML, like Gecko) Chrome/100.0.4896.127 Safari/537.36"
method:: GET 	 url:: /api-docs/swagger-ui-standalone-preset.js 	 host:: localhost 	status:: 304 	 content-length:: - 	response-time:: 1.876 ms
::1 - - [Sun, 24 Apr 2022 07:21:46 GMT] "GET /api-docs/swagger-ui-init.js HTTP/1.1" 304 - "http://localhost:5000/api-docs/" "Mozilla/5.0 (Windows NT 10.0; Win64; x64) AppleWebKit/537.36 (KHTML, like Gecko) Chrome/100.0.4896.127 Safari/537.36"
method:: GET 	 url:: /api-docs/swagger-ui-init.js 	 host:: localhost 	status:: 304 	 content-length:: - 	response-time:: 0.577 ms
::1 - - [Sun, 24 Apr 2022 07:22:22 GMT] "GET /users?key=D73373D9B4ED6FEC5B8B2DAF6WA929B1C7D14CDC88B196EBDCCEA77AFF7BB9 HTTP/1.1" 304 - "http://localhost:3000/" "Mozilla/5.0 (Windows NT 10.0; Win64; x64) AppleWebKit/537.36 (KHTML, like Gecko) Chrome/100.0.4896.127 Safari/537.36"
method:: GET 	 url:: /users?key=D73373D9B4ED6FEC5B8B2DAF6WA929B1C7D14CDC88B196EBDCCEA77AFF7BB9 	 host:: localhost 	status:: 304 	 content-length:: - 	response-time:: 265.966 ms
::1 - - [Sun, 24 Apr 2022 07:22:22 GMT] "GET /users?key=D73373D9B4ED6FEC5B8B2DAF6WA929B1C7D14CDC88B196EBDCCEA77AFF7BB9 HTTP/1.1" 304 - "http://localhost:3000/" "Mozilla/5.0 (Windows NT 10.0; Win64; x64) AppleWebKit/537.36 (KHTML, like Gecko) Chrome/100.0.4896.127 Safari/537.36"
method:: GET 	 url:: /users?key=D73373D9B4ED6FEC5B8B2DAF6WA929B1C7D14CDC88B196EBDCCEA77AFF7BB9 	 host:: localhost 	status:: 304 	 content-length:: - 	response-time:: 234.498 ms
::1 - - [Sun, 24 Apr 2022 07:22:22 GMT] "GET /class/get/created/61db2395a8023735e075a53c HTTP/1.1" 304 - "http://localhost:3000/" "Mozilla/5.0 (Windows NT 10.0; Win64; x64) AppleWebKit/537.36 (KHTML, like Gecko) Chrome/100.0.4896.127 Safari/537.36"
method:: GET 	 url:: /class/get/created/61db2395a8023735e075a53c 	 host:: localhost 	status:: 304 	 content-length:: - 	response-time:: 242.092 ms
::1 - - [Sun, 24 Apr 2022 07:22:23 GMT] "GET /class/get/taught/61db2395a8023735e075a53c HTTP/1.1" 304 - "http://localhost:3000/" "Mozilla/5.0 (Windows NT 10.0; Win64; x64) AppleWebKit/537.36 (KHTML, like Gecko) Chrome/100.0.4896.127 Safari/537.36"
method:: GET 	 url:: /class/get/taught/61db2395a8023735e075a53c 	 host:: localhost 	status:: 304 	 content-length:: - 	response-time:: 249.313 ms
::1 - - [Sun, 24 Apr 2022 07:22:23 GMT] "GET /class/get/studied/61db2395a8023735e075a53c HTTP/1.1" 304 - "http://localhost:3000/" "Mozilla/5.0 (Windows NT 10.0; Win64; x64) AppleWebKit/537.36 (KHTML, like Gecko) Chrome/100.0.4896.127 Safari/537.36"
method:: GET 	 url:: /class/get/studied/61db2395a8023735e075a53c 	 host:: localhost 	status:: 304 	 content-length:: - 	response-time:: 248.923 ms
::1 - - [Sun, 24 Apr 2022 07:22:23 GMT] "GET /class/get/created/61db2395a8023735e075a53c HTTP/1.1" 304 - "http://localhost:3000/" "Mozilla/5.0 (Windows NT 10.0; Win64; x64) AppleWebKit/537.36 (KHTML, like Gecko) Chrome/100.0.4896.127 Safari/537.36"
method:: GET 	 url:: /class/get/created/61db2395a8023735e075a53c 	 host:: localhost 	status:: 304 	 content-length:: - 	response-time:: 229.287 ms
::1 - - [Sun, 24 Apr 2022 07:22:23 GMT] "GET /class/get/taught/61db2395a8023735e075a53c HTTP/1.1" 304 - "http://localhost:3000/" "Mozilla/5.0 (Windows NT 10.0; Win64; x64) AppleWebKit/537.36 (KHTML, like Gecko) Chrome/100.0.4896.127 Safari/537.36"
method:: GET 	 url:: /class/get/taught/61db2395a8023735e075a53c 	 host:: localhost 	status:: 304 	 content-length:: - 	response-time:: 244.690 ms
::1 - - [Sun, 24 Apr 2022 07:22:23 GMT] "GET /class/get/studied/61db2395a8023735e075a53c HTTP/1.1" 304 - "http://localhost:3000/" "Mozilla/5.0 (Windows NT 10.0; Win64; x64) AppleWebKit/537.36 (KHTML, like Gecko) Chrome/100.0.4896.127 Safari/537.36"
method:: GET 	 url:: /class/get/studied/61db2395a8023735e075a53c 	 host:: localhost 	status:: 304 	 content-length:: - 	response-time:: 243.874 ms
::1 - - [Sun, 24 Apr 2022 07:22:57 GMT] "GET /users?key=D73373D9B4ED6FEC5B8B2DAF6WA929B1C7D14CDC88B196EBDCCEA77AFF7BB9 HTTP/1.1" 304 - "http://localhost:3000/" "Mozilla/5.0 (Windows NT 10.0; Win64; x64) AppleWebKit/537.36 (KHTML, like Gecko) Chrome/100.0.4896.127 Safari/537.36"
method:: GET 	 url:: /users?key=D73373D9B4ED6FEC5B8B2DAF6WA929B1C7D14CDC88B196EBDCCEA77AFF7BB9 	 host:: localhost 	status:: 304 	 content-length:: - 	response-time:: 243.042 ms
::1 - - [Sun, 24 Apr 2022 07:22:57 GMT] "GET /class/get/class/61db23d8a8023735e075a53d HTTP/1.1" 304 - "http://localhost:3000/" "Mozilla/5.0 (Windows NT 10.0; Win64; x64) AppleWebKit/537.36 (KHTML, like Gecko) Chrome/100.0.4896.127 Safari/537.36"
method:: GET 	 url:: /class/get/class/61db23d8a8023735e075a53d 	 host:: localhost 	status:: 304 	 content-length:: - 	response-time:: 246.539 ms
::1 - - [Sun, 24 Apr 2022 07:22:57 GMT] "GET /class/get/created/61db2395a8023735e075a53c HTTP/1.1" 304 - "http://localhost:3000/" "Mozilla/5.0 (Windows NT 10.0; Win64; x64) AppleWebKit/537.36 (KHTML, like Gecko) Chrome/100.0.4896.127 Safari/537.36"
method:: GET 	 url:: /class/get/created/61db2395a8023735e075a53c 	 host:: localhost 	status:: 304 	 content-length:: - 	response-time:: 231.505 ms
::1 - - [Sun, 24 Apr 2022 07:22:57 GMT] "GET /class/get/taught/61db2395a8023735e075a53c HTTP/1.1" 304 - "http://localhost:3000/" "Mozilla/5.0 (Windows NT 10.0; Win64; x64) AppleWebKit/537.36 (KHTML, like Gecko) Chrome/100.0.4896.127 Safari/537.36"
method:: GET 	 url:: /class/get/taught/61db2395a8023735e075a53c 	 host:: localhost 	status:: 304 	 content-length:: - 	response-time:: 238.237 ms
::1 - - [Sun, 24 Apr 2022 07:22:57 GMT] "GET /class/get/studied/61db2395a8023735e075a53c HTTP/1.1" 304 - "http://localhost:3000/" "Mozilla/5.0 (Windows NT 10.0; Win64; x64) AppleWebKit/537.36 (KHTML, like Gecko) Chrome/100.0.4896.127 Safari/537.36"
method:: GET 	 url:: /class/get/studied/61db2395a8023735e075a53c 	 host:: localhost 	status:: 304 	 content-length:: - 	response-time:: 237.478 ms
::1 - - [Sun, 24 Apr 2022 07:22:57 GMT] "GET /classwork/class/get/61db23d8a8023735e075a53d HTTP/1.1" 304 - "http://localhost:3000/" "Mozilla/5.0 (Windows NT 10.0; Win64; x64) AppleWebKit/537.36 (KHTML, like Gecko) Chrome/100.0.4896.127 Safari/537.36"
method:: GET 	 url:: /classwork/class/get/61db23d8a8023735e075a53d 	 host:: localhost 	status:: 304 	 content-length:: - 	response-time:: 478.795 ms
::1 - - [Sun, 24 Apr 2022 07:22:58 GMT] "GET /users/get/by/61db2395a8023735e075a53c?key=D73373D9B4ED6FEC5B8B2DAF6WA929B1C7D14CDC88B196EBDCCEA77AFF7BB9 HTTP/1.1" 304 - "http://localhost:3000/" "Mozilla/5.0 (Windows NT 10.0; Win64; x64) AppleWebKit/537.36 (KHTML, like Gecko) Chrome/100.0.4896.127 Safari/537.36"
method:: GET 	 url:: /users/get/by/61db2395a8023735e075a53c?key=D73373D9B4ED6FEC5B8B2DAF6WA929B1C7D14CDC88B196EBDCCEA77AFF7BB9 	 host:: localhost 	status:: 304 	 content-length:: - 	response-time:: 242.251 ms
::1 - - [Sun, 24 Apr 2022 07:22:58 GMT] "GET /users/get/by/61db2395a8023735e075a53c?key=D73373D9B4ED6FEC5B8B2DAF6WA929B1C7D14CDC88B196EBDCCEA77AFF7BB9 HTTP/1.1" 304 - "http://localhost:3000/" "Mozilla/5.0 (Windows NT 10.0; Win64; x64) AppleWebKit/537.36 (KHTML, like Gecko) Chrome/100.0.4896.127 Safari/537.36"
method:: GET 	 url:: /users/get/by/61db2395a8023735e075a53c?key=D73373D9B4ED6FEC5B8B2DAF6WA929B1C7D14CDC88B196EBDCCEA77AFF7BB9 	 host:: localhost 	status:: 304 	 content-length:: - 	response-time:: 235.105 ms
::1 - - [Sun, 24 Apr 2022 07:22:58 GMT] "GET /users/get/by/61db2395a8023735e075a53c?key=D73373D9B4ED6FEC5B8B2DAF6WA929B1C7D14CDC88B196EBDCCEA77AFF7BB9 HTTP/1.1" 304 - "http://localhost:3000/" "Mozilla/5.0 (Windows NT 10.0; Win64; x64) AppleWebKit/537.36 (KHTML, like Gecko) Chrome/100.0.4896.127 Safari/537.36"
method:: GET 	 url:: /users/get/by/61db2395a8023735e075a53c?key=D73373D9B4ED6FEC5B8B2DAF6WA929B1C7D14CDC88B196EBDCCEA77AFF7BB9 	 host:: localhost 	status:: 304 	 content-length:: - 	response-time:: 236.013 ms
::1 - - [Sun, 24 Apr 2022 07:22:58 GMT] "GET /users/get/by/61db2395a8023735e075a53c?key=D73373D9B4ED6FEC5B8B2DAF6WA929B1C7D14CDC88B196EBDCCEA77AFF7BB9 HTTP/1.1" 304 - "http://localhost:3000/" "Mozilla/5.0 (Windows NT 10.0; Win64; x64) AppleWebKit/537.36 (KHTML, like Gecko) Chrome/100.0.4896.127 Safari/537.36"
method:: GET 	 url:: /users/get/by/61db2395a8023735e075a53c?key=D73373D9B4ED6FEC5B8B2DAF6WA929B1C7D14CDC88B196EBDCCEA77AFF7BB9 	 host:: localhost 	status:: 304 	 content-length:: - 	response-time:: 231.930 ms
::1 - - [Sun, 24 Apr 2022 07:22:59 GMT] "GET /users/get/by/61db2395a8023735e075a53c?key=D73373D9B4ED6FEC5B8B2DAF6WA929B1C7D14CDC88B196EBDCCEA77AFF7BB9 HTTP/1.1" 304 - "http://localhost:3000/" "Mozilla/5.0 (Windows NT 10.0; Win64; x64) AppleWebKit/537.36 (KHTML, like Gecko) Chrome/100.0.4896.127 Safari/537.36"
method:: GET 	 url:: /users/get/by/61db2395a8023735e075a53c?key=D73373D9B4ED6FEC5B8B2DAF6WA929B1C7D14CDC88B196EBDCCEA77AFF7BB9 	 host:: localhost 	status:: 304 	 content-length:: - 	response-time:: 235.466 ms
::1 - - [Sun, 24 Apr 2022 07:22:59 GMT] "GET /users/get/by/61db2395a8023735e075a53c?key=D73373D9B4ED6FEC5B8B2DAF6WA929B1C7D14CDC88B196EBDCCEA77AFF7BB9 HTTP/1.1" 304 - "http://localhost:3000/" "Mozilla/5.0 (Windows NT 10.0; Win64; x64) AppleWebKit/537.36 (KHTML, like Gecko) Chrome/100.0.4896.127 Safari/537.36"
method:: GET 	 url:: /users/get/by/61db2395a8023735e075a53c?key=D73373D9B4ED6FEC5B8B2DAF6WA929B1C7D14CDC88B196EBDCCEA77AFF7BB9 	 host:: localhost 	status:: 304 	 content-length:: - 	response-time:: 236.940 ms
::1 - - [Sun, 24 Apr 2022 07:22:59 GMT] "GET /users/get/by/61db2395a8023735e075a53c?key=D73373D9B4ED6FEC5B8B2DAF6WA929B1C7D14CDC88B196EBDCCEA77AFF7BB9 HTTP/1.1" 304 - "http://localhost:3000/" "Mozilla/5.0 (Windows NT 10.0; Win64; x64) AppleWebKit/537.36 (KHTML, like Gecko) Chrome/100.0.4896.127 Safari/537.36"
method:: GET 	 url:: /users/get/by/61db2395a8023735e075a53c?key=D73373D9B4ED6FEC5B8B2DAF6WA929B1C7D14CDC88B196EBDCCEA77AFF7BB9 	 host:: localhost 	status:: 304 	 content-length:: - 	response-time:: 237.247 ms
::1 - - [Sun, 24 Apr 2022 16:45:42 GMT] "GET /users?key=D73373D9B4ED6FEC5B8B2DAF6WA929B1C7D14CDC88B196EBDCCEA77AFF7BB9 HTTP/1.1" 304 - "http://localhost:3000/" "Mozilla/5.0 (Windows NT 10.0; Win64; x64) AppleWebKit/537.36 (KHTML, like Gecko) Chrome/100.0.4896.127 Safari/537.36"
method:: GET 	 url:: /users?key=D73373D9B4ED6FEC5B8B2DAF6WA929B1C7D14CDC88B196EBDCCEA77AFF7BB9 	 host:: localhost 	status:: 304 	 content-length:: - 	response-time:: 288.130 ms
::1 - - [Sun, 24 Apr 2022 16:45:42 GMT] "GET /users?key=D73373D9B4ED6FEC5B8B2DAF6WA929B1C7D14CDC88B196EBDCCEA77AFF7BB9 HTTP/1.1" 304 - "http://localhost:3000/" "Mozilla/5.0 (Windows NT 10.0; Win64; x64) AppleWebKit/537.36 (KHTML, like Gecko) Chrome/100.0.4896.127 Safari/537.36"
method:: GET 	 url:: /users?key=D73373D9B4ED6FEC5B8B2DAF6WA929B1C7D14CDC88B196EBDCCEA77AFF7BB9 	 host:: localhost 	status:: 304 	 content-length:: - 	response-time:: 250.037 ms
::1 - - [Sun, 24 Apr 2022 16:45:42 GMT] "GET /class/get/created/61db2395a8023735e075a53c HTTP/1.1" 304 - "http://localhost:3000/" "Mozilla/5.0 (Windows NT 10.0; Win64; x64) AppleWebKit/537.36 (KHTML, like Gecko) Chrome/100.0.4896.127 Safari/537.36"
method:: GET 	 url:: /class/get/created/61db2395a8023735e075a53c 	 host:: localhost 	status:: 304 	 content-length:: - 	response-time:: 256.644 ms
::1 - - [Sun, 24 Apr 2022 16:45:42 GMT] "GET /class/get/taught/61db2395a8023735e075a53c HTTP/1.1" 304 - "http://localhost:3000/" "Mozilla/5.0 (Windows NT 10.0; Win64; x64) AppleWebKit/537.36 (KHTML, like Gecko) Chrome/100.0.4896.127 Safari/537.36"
method:: GET 	 url:: /class/get/taught/61db2395a8023735e075a53c 	 host:: localhost 	status:: 304 	 content-length:: - 	response-time:: 254.844 ms
::1 - - [Sun, 24 Apr 2022 16:45:42 GMT] "GET /class/get/studied/61db2395a8023735e075a53c HTTP/1.1" 304 - "http://localhost:3000/" "Mozilla/5.0 (Windows NT 10.0; Win64; x64) AppleWebKit/537.36 (KHTML, like Gecko) Chrome/100.0.4896.127 Safari/537.36"
method:: GET 	 url:: /class/get/studied/61db2395a8023735e075a53c 	 host:: localhost 	status:: 304 	 content-length:: - 	response-time:: 254.474 ms
::1 - - [Sun, 24 Apr 2022 16:45:42 GMT] "GET /class/get/created/61db2395a8023735e075a53c HTTP/1.1" 304 - "http://localhost:3000/" "Mozilla/5.0 (Windows NT 10.0; Win64; x64) AppleWebKit/537.36 (KHTML, like Gecko) Chrome/100.0.4896.127 Safari/537.36"
method:: GET 	 url:: /class/get/created/61db2395a8023735e075a53c 	 host:: localhost 	status:: 304 	 content-length:: - 	response-time:: 337.968 ms
::1 - - [Sun, 24 Apr 2022 16:45:42 GMT] "GET /class/get/taught/61db2395a8023735e075a53c HTTP/1.1" 304 - "http://localhost:3000/" "Mozilla/5.0 (Windows NT 10.0; Win64; x64) AppleWebKit/537.36 (KHTML, like Gecko) Chrome/100.0.4896.127 Safari/537.36"
method:: GET 	 url:: /class/get/taught/61db2395a8023735e075a53c 	 host:: localhost 	status:: 304 	 content-length:: - 	response-time:: 336.683 ms
::1 - - [Sun, 24 Apr 2022 16:45:42 GMT] "GET /class/get/studied/61db2395a8023735e075a53c HTTP/1.1" 304 - "http://localhost:3000/" "Mozilla/5.0 (Windows NT 10.0; Win64; x64) AppleWebKit/537.36 (KHTML, like Gecko) Chrome/100.0.4896.127 Safari/537.36"
method:: GET 	 url:: /class/get/studied/61db2395a8023735e075a53c 	 host:: localhost 	status:: 304 	 content-length:: - 	response-time:: 336.119 ms
