::1 - - [Sat, 23 Apr 2022 13:52:33 GMT] "POST /users/login HTTP/1.1" 200 82 "http://localhost:3000/" "Mozilla/5.0 (Windows NT 10.0; Win64; x64) AppleWebKit/537.36 (KHTML, like Gecko) Chrome/100.0.4896.127 Safari/537.36"
method:: POST 	 url:: /users/login 	 host:: localhost 	status:: 200 	 content-length:: 82 	response-time:: 377.023 ms
::1 - - [Sat, 23 Apr 2022 13:55:02 GMT] "GET /users?key=D73373D9B4ED6FEC5B8B2DAF6WA929B1C7D14CDC88B196EBDCCEA77AFF7BB9 HTTP/1.1" 200 7252 "http://localhost:3000/" "Mozilla/5.0 (Windows NT 10.0; Win64; x64) AppleWebKit/537.36 (KHTML, like Gecko) Chrome/100.0.4896.127 Safari/537.36"
method:: GET 	 url:: /users?key=D73373D9B4ED6FEC5B8B2DAF6WA929B1C7D14CDC88B196EBDCCEA77AFF7BB9 	 host:: localhost 	status:: 200 	 content-length:: 7252 	response-time:: 480.494 ms
::1 - - [Sat, 23 Apr 2022 13:55:03 GMT] "GET /users?key=D73373D9B4ED6FEC5B8B2DAF6WA929B1C7D14CDC88B196EBDCCEA77AFF7BB9 HTTP/1.1" 304 - "http://localhost:3000/" "Mozilla/5.0 (Windows NT 10.0; Win64; x64) AppleWebKit/537.36 (KHTML, like Gecko) Chrome/100.0.4896.127 Safari/537.36"
method:: GET 	 url:: /users?key=D73373D9B4ED6FEC5B8B2DAF6WA929B1C7D14CDC88B196EBDCCEA77AFF7BB9 	 host:: localhost 	status:: 304 	 content-length:: - 	response-time:: 273.398 ms
::1 - - [Sat, 23 Apr 2022 13:55:03 GMT] "GET /class/get/taught/61db2395a8023735e075a53c HTTP/1.1" 200 2 "http://localhost:3000/" "Mozilla/5.0 (Windows NT 10.0; Win64; x64) AppleWebKit/537.36 (KHTML, like Gecko) Chrome/100.0.4896.127 Safari/537.36"
method:: GET 	 url:: /class/get/taught/61db2395a8023735e075a53c 	 host:: localhost 	status:: 200 	 content-length:: 2 	response-time:: 255.965 ms
::1 - - [Sat, 23 Apr 2022 13:55:03 GMT] "GET /class/get/created/61db2395a8023735e075a53c HTTP/1.1" 200 783 "http://localhost:3000/" "Mozilla/5.0 (Windows NT 10.0; Win64; x64) AppleWebKit/537.36 (KHTML, like Gecko) Chrome/100.0.4896.127 Safari/537.36"
method:: GET 	 url:: /class/get/created/61db2395a8023735e075a53c 	 host:: localhost 	status:: 200 	 content-length:: 783 	response-time:: 279.225 ms
::1 - - [Sat, 23 Apr 2022 13:55:03 GMT] "GET /class/get/studied/61db2395a8023735e075a53c HTTP/1.1" 200 2 "http://localhost:3000/" "Mozilla/5.0 (Windows NT 10.0; Win64; x64) AppleWebKit/537.36 (KHTML, like Gecko) Chrome/100.0.4896.127 Safari/537.36"
method:: GET 	 url:: /class/get/studied/61db2395a8023735e075a53c 	 host:: localhost 	status:: 200 	 content-length:: 2 	response-time:: 276.930 ms
::1 - - [Sat, 23 Apr 2022 13:55:13 GMT] "POST /class/create HTTP/1.1" 400 23 "http://localhost:3000/" "Mozilla/5.0 (Windows NT 10.0; Win64; x64) AppleWebKit/537.36 (KHTML, like Gecko) Chrome/100.0.4896.127 Safari/537.36"
method:: POST 	 url:: /class/create 	 host:: localhost 	status:: 400 	 content-length:: 23 	response-time:: 294.916 ms
::1 - - [Sat, 23 Apr 2022 13:55:18 GMT] "POST /class/create HTTP/1.1" 400 23 "http://localhost:3000/" "Mozilla/5.0 (Windows NT 10.0; Win64; x64) AppleWebKit/537.36 (KHTML, like Gecko) Chrome/100.0.4896.127 Safari/537.36"
method:: POST 	 url:: /class/create 	 host:: localhost 	status:: 400 	 content-length:: 23 	response-time:: 510.008 ms
::1 - - [Sat, 23 Apr 2022 13:56:00 GMT] "POST /class/create HTTP/1.1" 400 23 "http://localhost:3000/" "Mozilla/5.0 (Windows NT 10.0; Win64; x64) AppleWebKit/537.36 (KHTML, like Gecko) Chrome/100.0.4896.127 Safari/537.36"
method:: POST 	 url:: /class/create 	 host:: localhost 	status:: 400 	 content-length:: 23 	response-time:: 240.144 ms
::1 - - [Sat, 23 Apr 2022 13:56:03 GMT] "GET /users?key=D73373D9B4ED6FEC5B8B2DAF6WA929B1C7D14CDC88B196EBDCCEA77AFF7BB9 HTTP/1.1" 304 - "http://localhost:3000/" "Mozilla/5.0 (Windows NT 10.0; Win64; x64) AppleWebKit/537.36 (KHTML, like Gecko) Chrome/100.0.4896.127 Safari/537.36"
method:: GET 	 url:: /users?key=D73373D9B4ED6FEC5B8B2DAF6WA929B1C7D14CDC88B196EBDCCEA77AFF7BB9 	 host:: localhost 	status:: 304 	 content-length:: - 	response-time:: 270.488 ms
::1 - - [Sat, 23 Apr 2022 13:56:03 GMT] "GET /users?key=D73373D9B4ED6FEC5B8B2DAF6WA929B1C7D14CDC88B196EBDCCEA77AFF7BB9 HTTP/1.1" 304 - "http://localhost:3000/" "Mozilla/5.0 (Windows NT 10.0; Win64; x64) AppleWebKit/537.36 (KHTML, like Gecko) Chrome/100.0.4896.127 Safari/537.36"
method:: GET 	 url:: /users?key=D73373D9B4ED6FEC5B8B2DAF6WA929B1C7D14CDC88B196EBDCCEA77AFF7BB9 	 host:: localhost 	status:: 304 	 content-length:: - 	response-time:: 258.464 ms
::1 - - [Sat, 23 Apr 2022 13:56:03 GMT] "GET /class/get/created/61db2395a8023735e075a53c HTTP/1.1" 304 - "http://localhost:3000/" "Mozilla/5.0 (Windows NT 10.0; Win64; x64) AppleWebKit/537.36 (KHTML, like Gecko) Chrome/100.0.4896.127 Safari/537.36"
method:: GET 	 url:: /class/get/created/61db2395a8023735e075a53c 	 host:: localhost 	status:: 304 	 content-length:: - 	response-time:: 253.638 ms
::1 - - [Sat, 23 Apr 2022 13:56:03 GMT] "GET /class/get/taught/61db2395a8023735e075a53c HTTP/1.1" 304 - "http://localhost:3000/" "Mozilla/5.0 (Windows NT 10.0; Win64; x64) AppleWebKit/537.36 (KHTML, like Gecko) Chrome/100.0.4896.127 Safari/537.36"
method:: GET 	 url:: /class/get/taught/61db2395a8023735e075a53c 	 host:: localhost 	status:: 304 	 content-length:: - 	response-time:: 256.757 ms
::1 - - [Sat, 23 Apr 2022 13:56:03 GMT] "GET /class/get/studied/61db2395a8023735e075a53c HTTP/1.1" 304 - "http://localhost:3000/" "Mozilla/5.0 (Windows NT 10.0; Win64; x64) AppleWebKit/537.36 (KHTML, like Gecko) Chrome/100.0.4896.127 Safari/537.36"
method:: GET 	 url:: /class/get/studied/61db2395a8023735e075a53c 	 host:: localhost 	status:: 304 	 content-length:: - 	response-time:: 267.335 ms
::1 - - [Sat, 23 Apr 2022 13:56:04 GMT] "GET /class/get/created/61db2395a8023735e075a53c HTTP/1.1" 304 - "http://localhost:3000/" "Mozilla/5.0 (Windows NT 10.0; Win64; x64) AppleWebKit/537.36 (KHTML, like Gecko) Chrome/100.0.4896.127 Safari/537.36"
method:: GET 	 url:: /class/get/created/61db2395a8023735e075a53c 	 host:: localhost 	status:: 304 	 content-length:: - 	response-time:: 433.982 ms
::1 - - [Sat, 23 Apr 2022 13:56:04 GMT] "GET /class/get/taught/61db2395a8023735e075a53c HTTP/1.1" 304 - "http://localhost:3000/" "Mozilla/5.0 (Windows NT 10.0; Win64; x64) AppleWebKit/537.36 (KHTML, like Gecko) Chrome/100.0.4896.127 Safari/537.36"
method:: GET 	 url:: /class/get/taught/61db2395a8023735e075a53c 	 host:: localhost 	status:: 304 	 content-length:: - 	response-time:: 420.365 ms
::1 - - [Sat, 23 Apr 2022 13:56:04 GMT] "GET /class/get/studied/61db2395a8023735e075a53c HTTP/1.1" 304 - "http://localhost:3000/" "Mozilla/5.0 (Windows NT 10.0; Win64; x64) AppleWebKit/537.36 (KHTML, like Gecko) Chrome/100.0.4896.127 Safari/537.36"
method:: GET 	 url:: /class/get/studied/61db2395a8023735e075a53c 	 host:: localhost 	status:: 304 	 content-length:: - 	response-time:: 413.823 ms
::1 - - [Sat, 23 Apr 2022 13:56:06 GMT] "GET /users?key=D73373D9B4ED6FEC5B8B2DAF6WA929B1C7D14CDC88B196EBDCCEA77AFF7BB9 HTTP/1.1" 304 - "http://localhost:3000/" "Mozilla/5.0 (Windows NT 10.0; Win64; x64) AppleWebKit/537.36 (KHTML, like Gecko) Chrome/100.0.4896.127 Safari/537.36"
method:: GET 	 url:: /users?key=D73373D9B4ED6FEC5B8B2DAF6WA929B1C7D14CDC88B196EBDCCEA77AFF7BB9 	 host:: localhost 	status:: 304 	 content-length:: - 	response-time:: 361.349 ms
::1 - - [Sat, 23 Apr 2022 13:56:06 GMT] "GET /users?key=D73373D9B4ED6FEC5B8B2DAF6WA929B1C7D14CDC88B196EBDCCEA77AFF7BB9 HTTP/1.1" 304 - "http://localhost:3000/" "Mozilla/5.0 (Windows NT 10.0; Win64; x64) AppleWebKit/537.36 (KHTML, like Gecko) Chrome/100.0.4896.127 Safari/537.36"
method:: GET 	 url:: /users?key=D73373D9B4ED6FEC5B8B2DAF6WA929B1C7D14CDC88B196EBDCCEA77AFF7BB9 	 host:: localhost 	status:: 304 	 content-length:: - 	response-time:: 244.544 ms
::1 - - [Sat, 23 Apr 2022 13:56:06 GMT] "GET /class/get/created/61db2395a8023735e075a53c HTTP/1.1" 304 - "http://localhost:3000/" "Mozilla/5.0 (Windows NT 10.0; Win64; x64) AppleWebKit/537.36 (KHTML, like Gecko) Chrome/100.0.4896.127 Safari/537.36"
method:: GET 	 url:: /class/get/created/61db2395a8023735e075a53c 	 host:: localhost 	status:: 304 	 content-length:: - 	response-time:: 272.372 ms
::1 - - [Sat, 23 Apr 2022 13:56:06 GMT] "GET /class/get/taught/61db2395a8023735e075a53c HTTP/1.1" 304 - "http://localhost:3000/" "Mozilla/5.0 (Windows NT 10.0; Win64; x64) AppleWebKit/537.36 (KHTML, like Gecko) Chrome/100.0.4896.127 Safari/537.36"
method:: GET 	 url:: /class/get/taught/61db2395a8023735e075a53c 	 host:: localhost 	status:: 304 	 content-length:: - 	response-time:: 295.579 ms
::1 - - [Sat, 23 Apr 2022 13:56:06 GMT] "GET /class/get/studied/61db2395a8023735e075a53c HTTP/1.1" 304 - "http://localhost:3000/" "Mozilla/5.0 (Windows NT 10.0; Win64; x64) AppleWebKit/537.36 (KHTML, like Gecko) Chrome/100.0.4896.127 Safari/537.36"
method:: GET 	 url:: /class/get/studied/61db2395a8023735e075a53c 	 host:: localhost 	status:: 304 	 content-length:: - 	response-time:: 298.221 ms
::1 - - [Sat, 23 Apr 2022 13:56:07 GMT] "GET /class/get/created/61db2395a8023735e075a53c HTTP/1.1" 304 - "http://localhost:3000/" "Mozilla/5.0 (Windows NT 10.0; Win64; x64) AppleWebKit/537.36 (KHTML, like Gecko) Chrome/100.0.4896.127 Safari/537.36"
method:: GET 	 url:: /class/get/created/61db2395a8023735e075a53c 	 host:: localhost 	status:: 304 	 content-length:: - 	response-time:: 238.305 ms
::1 - - [Sat, 23 Apr 2022 13:56:07 GMT] "GET /class/get/taught/61db2395a8023735e075a53c HTTP/1.1" 304 - "http://localhost:3000/" "Mozilla/5.0 (Windows NT 10.0; Win64; x64) AppleWebKit/537.36 (KHTML, like Gecko) Chrome/100.0.4896.127 Safari/537.36"
method:: GET 	 url:: /class/get/taught/61db2395a8023735e075a53c 	 host:: localhost 	status:: 304 	 content-length:: - 	response-time:: 231.599 ms
::1 - - [Sat, 23 Apr 2022 13:56:07 GMT] "GET /class/get/studied/61db2395a8023735e075a53c HTTP/1.1" 304 - "http://localhost:3000/" "Mozilla/5.0 (Windows NT 10.0; Win64; x64) AppleWebKit/537.36 (KHTML, like Gecko) Chrome/100.0.4896.127 Safari/537.36"
method:: GET 	 url:: /class/get/studied/61db2395a8023735e075a53c 	 host:: localhost 	status:: 304 	 content-length:: - 	response-time:: 246.218 ms
::1 - - [Sat, 23 Apr 2022 13:56:10 GMT] "GET /users?key=D73373D9B4ED6FEC5B8B2DAF6WA929B1C7D14CDC88B196EBDCCEA77AFF7BB9 HTTP/1.1" 304 - "http://localhost:3000/" "Mozilla/5.0 (Windows NT 10.0; Win64; x64) AppleWebKit/537.36 (KHTML, like Gecko) Chrome/100.0.4896.127 Safari/537.36"
method:: GET 	 url:: /users?key=D73373D9B4ED6FEC5B8B2DAF6WA929B1C7D14CDC88B196EBDCCEA77AFF7BB9 	 host:: localhost 	status:: 304 	 content-length:: - 	response-time:: 299.166 ms
::1 - - [Sat, 23 Apr 2022 13:56:10 GMT] "GET /class/get/class/61db23d8a8023735e075a53d HTTP/1.1" 200 379 "http://localhost:3000/" "Mozilla/5.0 (Windows NT 10.0; Win64; x64) AppleWebKit/537.36 (KHTML, like Gecko) Chrome/100.0.4896.127 Safari/537.36"
method:: GET 	 url:: /class/get/class/61db23d8a8023735e075a53d 	 host:: localhost 	status:: 200 	 content-length:: 379 	response-time:: 310.045 ms
::1 - - [Sat, 23 Apr 2022 13:56:10 GMT] "GET /class/get/created/61db2395a8023735e075a53c HTTP/1.1" 304 - "http://localhost:3000/" "Mozilla/5.0 (Windows NT 10.0; Win64; x64) AppleWebKit/537.36 (KHTML, like Gecko) Chrome/100.0.4896.127 Safari/537.36"
method:: GET 	 url:: /class/get/created/61db2395a8023735e075a53c 	 host:: localhost 	status:: 304 	 content-length:: - 	response-time:: 271.732 ms
::1 - - [Sat, 23 Apr 2022 13:56:10 GMT] "GET /class/get/studied/61db2395a8023735e075a53c HTTP/1.1" 304 - "http://localhost:3000/" "Mozilla/5.0 (Windows NT 10.0; Win64; x64) AppleWebKit/537.36 (KHTML, like Gecko) Chrome/100.0.4896.127 Safari/537.36"
method:: GET 	 url:: /class/get/studied/61db2395a8023735e075a53c 	 host:: localhost 	status:: 304 	 content-length:: - 	response-time:: 267.813 ms
::1 - - [Sat, 23 Apr 2022 13:56:10 GMT] "GET /class/get/taught/61db2395a8023735e075a53c HTTP/1.1" 304 - "http://localhost:3000/" "Mozilla/5.0 (Windows NT 10.0; Win64; x64) AppleWebKit/537.36 (KHTML, like Gecko) Chrome/100.0.4896.127 Safari/537.36"
method:: GET 	 url:: /class/get/taught/61db2395a8023735e075a53c 	 host:: localhost 	status:: 304 	 content-length:: - 	response-time:: 284.612 ms
::1 - - [Sat, 23 Apr 2022 13:56:10 GMT] "GET /classwork/class/get/61db23d8a8023735e075a53d HTTP/1.1" 200 4518 "http://localhost:3000/" "Mozilla/5.0 (Windows NT 10.0; Win64; x64) AppleWebKit/537.36 (KHTML, like Gecko) Chrome/100.0.4896.127 Safari/537.36"
method:: GET 	 url:: /classwork/class/get/61db23d8a8023735e075a53d 	 host:: localhost 	status:: 200 	 content-length:: 4518 	response-time:: 514.114 ms
::1 - - [Sat, 23 Apr 2022 13:56:10 GMT] "GET /users/get/by/61db2395a8023735e075a53c?key=D73373D9B4ED6FEC5B8B2DAF6WA929B1C7D14CDC88B196EBDCCEA77AFF7BB9 HTTP/1.1" 200 585 "http://localhost:3000/" "Mozilla/5.0 (Windows NT 10.0; Win64; x64) AppleWebKit/537.36 (KHTML, like Gecko) Chrome/100.0.4896.127 Safari/537.36"
method:: GET 	 url:: /users/get/by/61db2395a8023735e075a53c?key=D73373D9B4ED6FEC5B8B2DAF6WA929B1C7D14CDC88B196EBDCCEA77AFF7BB9 	 host:: localhost 	status:: 200 	 content-length:: 585 	response-time:: 237.118 ms
::1 - - [Sat, 23 Apr 2022 13:56:11 GMT] "GET /users/get/by/61db2395a8023735e075a53c?key=D73373D9B4ED6FEC5B8B2DAF6WA929B1C7D14CDC88B196EBDCCEA77AFF7BB9 HTTP/1.1" 304 - "http://localhost:3000/" "Mozilla/5.0 (Windows NT 10.0; Win64; x64) AppleWebKit/537.36 (KHTML, like Gecko) Chrome/100.0.4896.127 Safari/537.36"
method:: GET 	 url:: /users/get/by/61db2395a8023735e075a53c?key=D73373D9B4ED6FEC5B8B2DAF6WA929B1C7D14CDC88B196EBDCCEA77AFF7BB9 	 host:: localhost 	status:: 304 	 content-length:: - 	response-time:: 256.228 ms
::1 - - [Sat, 23 Apr 2022 13:56:11 GMT] "GET /users/get/by/61db2395a8023735e075a53c?key=D73373D9B4ED6FEC5B8B2DAF6WA929B1C7D14CDC88B196EBDCCEA77AFF7BB9 HTTP/1.1" 304 - "http://localhost:3000/" "Mozilla/5.0 (Windows NT 10.0; Win64; x64) AppleWebKit/537.36 (KHTML, like Gecko) Chrome/100.0.4896.127 Safari/537.36"
method:: GET 	 url:: /users/get/by/61db2395a8023735e075a53c?key=D73373D9B4ED6FEC5B8B2DAF6WA929B1C7D14CDC88B196EBDCCEA77AFF7BB9 	 host:: localhost 	status:: 304 	 content-length:: - 	response-time:: 244.117 ms
::1 - - [Sat, 23 Apr 2022 13:56:11 GMT] "GET /users/get/by/61db2395a8023735e075a53c?key=D73373D9B4ED6FEC5B8B2DAF6WA929B1C7D14CDC88B196EBDCCEA77AFF7BB9 HTTP/1.1" 304 - "http://localhost:3000/" "Mozilla/5.0 (Windows NT 10.0; Win64; x64) AppleWebKit/537.36 (KHTML, like Gecko) Chrome/100.0.4896.127 Safari/537.36"
method:: GET 	 url:: /users/get/by/61db2395a8023735e075a53c?key=D73373D9B4ED6FEC5B8B2DAF6WA929B1C7D14CDC88B196EBDCCEA77AFF7BB9 	 host:: localhost 	status:: 304 	 content-length:: - 	response-time:: 331.703 ms
::1 - - [Sat, 23 Apr 2022 13:56:12 GMT] "GET /users/get/by/61db2395a8023735e075a53c?key=D73373D9B4ED6FEC5B8B2DAF6WA929B1C7D14CDC88B196EBDCCEA77AFF7BB9 HTTP/1.1" 304 - "http://localhost:3000/" "Mozilla/5.0 (Windows NT 10.0; Win64; x64) AppleWebKit/537.36 (KHTML, like Gecko) Chrome/100.0.4896.127 Safari/537.36"
method:: GET 	 url:: /users/get/by/61db2395a8023735e075a53c?key=D73373D9B4ED6FEC5B8B2DAF6WA929B1C7D14CDC88B196EBDCCEA77AFF7BB9 	 host:: localhost 	status:: 304 	 content-length:: - 	response-time:: 406.080 ms
::1 - - [Sat, 23 Apr 2022 13:56:12 GMT] "GET /users/get/by/61db2395a8023735e075a53c?key=D73373D9B4ED6FEC5B8B2DAF6WA929B1C7D14CDC88B196EBDCCEA77AFF7BB9 HTTP/1.1" 304 - "http://localhost:3000/" "Mozilla/5.0 (Windows NT 10.0; Win64; x64) AppleWebKit/537.36 (KHTML, like Gecko) Chrome/100.0.4896.127 Safari/537.36"
method:: GET 	 url:: /users/get/by/61db2395a8023735e075a53c?key=D73373D9B4ED6FEC5B8B2DAF6WA929B1C7D14CDC88B196EBDCCEA77AFF7BB9 	 host:: localhost 	status:: 304 	 content-length:: - 	response-time:: 321.999 ms
::1 - - [Sat, 23 Apr 2022 13:56:12 GMT] "GET /users/get/by/61db2395a8023735e075a53c?key=D73373D9B4ED6FEC5B8B2DAF6WA929B1C7D14CDC88B196EBDCCEA77AFF7BB9 HTTP/1.1" 304 - "http://localhost:3000/" "Mozilla/5.0 (Windows NT 10.0; Win64; x64) AppleWebKit/537.36 (KHTML, like Gecko) Chrome/100.0.4896.127 Safari/537.36"
method:: GET 	 url:: /users/get/by/61db2395a8023735e075a53c?key=D73373D9B4ED6FEC5B8B2DAF6WA929B1C7D14CDC88B196EBDCCEA77AFF7BB9 	 host:: localhost 	status:: 304 	 content-length:: - 	response-time:: 239.372 ms
::1 - - [Sat, 23 Apr 2022 13:56:17 GMT] "GET /users?key=D73373D9B4ED6FEC5B8B2DAF6WA929B1C7D14CDC88B196EBDCCEA77AFF7BB9 HTTP/1.1" 304 - "http://localhost:3000/" "Mozilla/5.0 (Windows NT 10.0; Win64; x64) AppleWebKit/537.36 (KHTML, like Gecko) Chrome/100.0.4896.127 Safari/537.36"
method:: GET 	 url:: /users?key=D73373D9B4ED6FEC5B8B2DAF6WA929B1C7D14CDC88B196EBDCCEA77AFF7BB9 	 host:: localhost 	status:: 304 	 content-length:: - 	response-time:: 374.758 ms
::1 - - [Sat, 23 Apr 2022 13:56:17 GMT] "GET /users?key=D73373D9B4ED6FEC5B8B2DAF6WA929B1C7D14CDC88B196EBDCCEA77AFF7BB9 HTTP/1.1" 304 - "http://localhost:3000/" "Mozilla/5.0 (Windows NT 10.0; Win64; x64) AppleWebKit/537.36 (KHTML, like Gecko) Chrome/100.0.4896.127 Safari/537.36"
method:: GET 	 url:: /users?key=D73373D9B4ED6FEC5B8B2DAF6WA929B1C7D14CDC88B196EBDCCEA77AFF7BB9 	 host:: localhost 	status:: 304 	 content-length:: - 	response-time:: 268.351 ms
::1 - - [Sat, 23 Apr 2022 13:56:17 GMT] "GET /class/get/studied/61db2395a8023735e075a53c HTTP/1.1" 304 - "http://localhost:3000/" "Mozilla/5.0 (Windows NT 10.0; Win64; x64) AppleWebKit/537.36 (KHTML, like Gecko) Chrome/100.0.4896.127 Safari/537.36"
method:: GET 	 url:: /class/get/studied/61db2395a8023735e075a53c 	 host:: localhost 	status:: 304 	 content-length:: - 	response-time:: 251.819 ms
::1 - - [Sat, 23 Apr 2022 13:56:17 GMT] "GET /class/get/taught/61db2395a8023735e075a53c HTTP/1.1" 304 - "http://localhost:3000/" "Mozilla/5.0 (Windows NT 10.0; Win64; x64) AppleWebKit/537.36 (KHTML, like Gecko) Chrome/100.0.4896.127 Safari/537.36"
method:: GET 	 url:: /class/get/taught/61db2395a8023735e075a53c 	 host:: localhost 	status:: 304 	 content-length:: - 	response-time:: 257.002 ms
::1 - - [Sat, 23 Apr 2022 13:56:17 GMT] "GET /class/get/created/61db2395a8023735e075a53c HTTP/1.1" 304 - "http://localhost:3000/" "Mozilla/5.0 (Windows NT 10.0; Win64; x64) AppleWebKit/537.36 (KHTML, like Gecko) Chrome/100.0.4896.127 Safari/537.36"
method:: GET 	 url:: /class/get/created/61db2395a8023735e075a53c 	 host:: localhost 	status:: 304 	 content-length:: - 	response-time:: 265.290 ms
::1 - - [Sat, 23 Apr 2022 13:56:17 GMT] "GET /class/get/taught/61db2395a8023735e075a53c HTTP/1.1" 304 - "http://localhost:3000/" "Mozilla/5.0 (Windows NT 10.0; Win64; x64) AppleWebKit/537.36 (KHTML, like Gecko) Chrome/100.0.4896.127 Safari/537.36"
method:: GET 	 url:: /class/get/taught/61db2395a8023735e075a53c 	 host:: localhost 	status:: 304 	 content-length:: - 	response-time:: 433.321 ms
::1 - - [Sat, 23 Apr 2022 13:56:17 GMT] "GET /class/get/created/61db2395a8023735e075a53c HTTP/1.1" 304 - "http://localhost:3000/" "Mozilla/5.0 (Windows NT 10.0; Win64; x64) AppleWebKit/537.36 (KHTML, like Gecko) Chrome/100.0.4896.127 Safari/537.36"
method:: GET 	 url:: /class/get/created/61db2395a8023735e075a53c 	 host:: localhost 	status:: 304 	 content-length:: - 	response-time:: 442.014 ms
::1 - - [Sat, 23 Apr 2022 13:56:17 GMT] "GET /class/get/studied/61db2395a8023735e075a53c HTTP/1.1" 304 - "http://localhost:3000/" "Mozilla/5.0 (Windows NT 10.0; Win64; x64) AppleWebKit/537.36 (KHTML, like Gecko) Chrome/100.0.4896.127 Safari/537.36"
method:: GET 	 url:: /class/get/studied/61db2395a8023735e075a53c 	 host:: localhost 	status:: 304 	 content-length:: - 	response-time:: 441.581 ms
::1 - - [Sat, 23 Apr 2022 13:56:23 GMT] "GET /class/get/class/61db23d8a8023735e075a53d HTTP/1.1" 304 - "http://localhost:3000/" "Mozilla/5.0 (Windows NT 10.0; Win64; x64) AppleWebKit/537.36 (KHTML, like Gecko) Chrome/100.0.4896.127 Safari/537.36"
method:: GET 	 url:: /class/get/class/61db23d8a8023735e075a53d 	 host:: localhost 	status:: 304 	 content-length:: - 	response-time:: 341.251 ms
::1 - - [Sat, 23 Apr 2022 13:56:23 GMT] "GET /users?key=D73373D9B4ED6FEC5B8B2DAF6WA929B1C7D14CDC88B196EBDCCEA77AFF7BB9 HTTP/1.1" 304 - "http://localhost:3000/" "Mozilla/5.0 (Windows NT 10.0; Win64; x64) AppleWebKit/537.36 (KHTML, like Gecko) Chrome/100.0.4896.127 Safari/537.36"
method:: GET 	 url:: /users?key=D73373D9B4ED6FEC5B8B2DAF6WA929B1C7D14CDC88B196EBDCCEA77AFF7BB9 	 host:: localhost 	status:: 304 	 content-length:: - 	response-time:: 418.318 ms
::1 - - [Sat, 23 Apr 2022 13:56:23 GMT] "GET /class/get/taught/61db2395a8023735e075a53c HTTP/1.1" 304 - "http://localhost:3000/" "Mozilla/5.0 (Windows NT 10.0; Win64; x64) AppleWebKit/537.36 (KHTML, like Gecko) Chrome/100.0.4896.127 Safari/537.36"
method:: GET 	 url:: /class/get/taught/61db2395a8023735e075a53c 	 host:: localhost 	status:: 304 	 content-length:: - 	response-time:: 390.020 ms
::1 - - [Sat, 23 Apr 2022 13:56:23 GMT] "GET /class/get/created/61db2395a8023735e075a53c HTTP/1.1" 304 - "http://localhost:3000/" "Mozilla/5.0 (Windows NT 10.0; Win64; x64) AppleWebKit/537.36 (KHTML, like Gecko) Chrome/100.0.4896.127 Safari/537.36"
method:: GET 	 url:: /class/get/created/61db2395a8023735e075a53c 	 host:: localhost 	status:: 304 	 content-length:: - 	response-time:: 408.751 ms
::1 - - [Sat, 23 Apr 2022 13:56:23 GMT] "GET /class/get/studied/61db2395a8023735e075a53c HTTP/1.1" 304 - "http://localhost:3000/" "Mozilla/5.0 (Windows NT 10.0; Win64; x64) AppleWebKit/537.36 (KHTML, like Gecko) Chrome/100.0.4896.127 Safari/537.36"
method:: GET 	 url:: /class/get/studied/61db2395a8023735e075a53c 	 host:: localhost 	status:: 304 	 content-length:: - 	response-time:: 396.519 ms
::1 - - [Sat, 23 Apr 2022 13:56:23 GMT] "GET /classwork/class/get/61db23d8a8023735e075a53d HTTP/1.1" 304 - "http://localhost:3000/" "Mozilla/5.0 (Windows NT 10.0; Win64; x64) AppleWebKit/537.36 (KHTML, like Gecko) Chrome/100.0.4896.127 Safari/537.36"
method:: GET 	 url:: /classwork/class/get/61db23d8a8023735e075a53d 	 host:: localhost 	status:: 304 	 content-length:: - 	response-time:: 697.783 ms
::1 - - [Sat, 23 Apr 2022 13:56:24 GMT] "GET /users/get/by/61db2395a8023735e075a53c?key=D73373D9B4ED6FEC5B8B2DAF6WA929B1C7D14CDC88B196EBDCCEA77AFF7BB9 HTTP/1.1" 304 - "http://localhost:3000/" "Mozilla/5.0 (Windows NT 10.0; Win64; x64) AppleWebKit/537.36 (KHTML, like Gecko) Chrome/100.0.4896.127 Safari/537.36"
method:: GET 	 url:: /users/get/by/61db2395a8023735e075a53c?key=D73373D9B4ED6FEC5B8B2DAF6WA929B1C7D14CDC88B196EBDCCEA77AFF7BB9 	 host:: localhost 	status:: 304 	 content-length:: - 	response-time:: 710.019 ms
::1 - - [Sat, 23 Apr 2022 13:56:24 GMT] "GET /users/get/by/61db2395a8023735e075a53c?key=D73373D9B4ED6FEC5B8B2DAF6WA929B1C7D14CDC88B196EBDCCEA77AFF7BB9 HTTP/1.1" 304 - "http://localhost:3000/" "Mozilla/5.0 (Windows NT 10.0; Win64; x64) AppleWebKit/537.36 (KHTML, like Gecko) Chrome/100.0.4896.127 Safari/537.36"
method:: GET 	 url:: /users/get/by/61db2395a8023735e075a53c?key=D73373D9B4ED6FEC5B8B2DAF6WA929B1C7D14CDC88B196EBDCCEA77AFF7BB9 	 host:: localhost 	status:: 304 	 content-length:: - 	response-time:: 399.633 ms
::1 - - [Sat, 23 Apr 2022 13:56:25 GMT] "GET /users/get/by/61db2395a8023735e075a53c?key=D73373D9B4ED6FEC5B8B2DAF6WA929B1C7D14CDC88B196EBDCCEA77AFF7BB9 HTTP/1.1" 304 - "http://localhost:3000/" "Mozilla/5.0 (Windows NT 10.0; Win64; x64) AppleWebKit/537.36 (KHTML, like Gecko) Chrome/100.0.4896.127 Safari/537.36"
method:: GET 	 url:: /users/get/by/61db2395a8023735e075a53c?key=D73373D9B4ED6FEC5B8B2DAF6WA929B1C7D14CDC88B196EBDCCEA77AFF7BB9 	 host:: localhost 	status:: 304 	 content-length:: - 	response-time:: 411.387 ms
::1 - - [Sat, 23 Apr 2022 13:56:25 GMT] "GET /users/get/by/61db2395a8023735e075a53c?key=D73373D9B4ED6FEC5B8B2DAF6WA929B1C7D14CDC88B196EBDCCEA77AFF7BB9 HTTP/1.1" 304 - "http://localhost:3000/" "Mozilla/5.0 (Windows NT 10.0; Win64; x64) AppleWebKit/537.36 (KHTML, like Gecko) Chrome/100.0.4896.127 Safari/537.36"
method:: GET 	 url:: /users/get/by/61db2395a8023735e075a53c?key=D73373D9B4ED6FEC5B8B2DAF6WA929B1C7D14CDC88B196EBDCCEA77AFF7BB9 	 host:: localhost 	status:: 304 	 content-length:: - 	response-time:: 385.131 ms
::1 - - [Sat, 23 Apr 2022 13:56:26 GMT] "GET /users/get/by/61db2395a8023735e075a53c?key=D73373D9B4ED6FEC5B8B2DAF6WA929B1C7D14CDC88B196EBDCCEA77AFF7BB9 HTTP/1.1" 304 - "http://localhost:3000/" "Mozilla/5.0 (Windows NT 10.0; Win64; x64) AppleWebKit/537.36 (KHTML, like Gecko) Chrome/100.0.4896.127 Safari/537.36"
method:: GET 	 url:: /users/get/by/61db2395a8023735e075a53c?key=D73373D9B4ED6FEC5B8B2DAF6WA929B1C7D14CDC88B196EBDCCEA77AFF7BB9 	 host:: localhost 	status:: 304 	 content-length:: - 	response-time:: 382.052 ms
::1 - - [Sat, 23 Apr 2022 13:56:26 GMT] "GET /users/get/by/61db2395a8023735e075a53c?key=D73373D9B4ED6FEC5B8B2DAF6WA929B1C7D14CDC88B196EBDCCEA77AFF7BB9 HTTP/1.1" 304 - "http://localhost:3000/" "Mozilla/5.0 (Windows NT 10.0; Win64; x64) AppleWebKit/537.36 (KHTML, like Gecko) Chrome/100.0.4896.127 Safari/537.36"
method:: GET 	 url:: /users/get/by/61db2395a8023735e075a53c?key=D73373D9B4ED6FEC5B8B2DAF6WA929B1C7D14CDC88B196EBDCCEA77AFF7BB9 	 host:: localhost 	status:: 304 	 content-length:: - 	response-time:: 407.369 ms
::1 - - [Sat, 23 Apr 2022 13:56:26 GMT] "GET /users/get/by/61db2395a8023735e075a53c?key=D73373D9B4ED6FEC5B8B2DAF6WA929B1C7D14CDC88B196EBDCCEA77AFF7BB9 HTTP/1.1" 304 - "http://localhost:3000/" "Mozilla/5.0 (Windows NT 10.0; Win64; x64) AppleWebKit/537.36 (KHTML, like Gecko) Chrome/100.0.4896.127 Safari/537.36"
method:: GET 	 url:: /users/get/by/61db2395a8023735e075a53c?key=D73373D9B4ED6FEC5B8B2DAF6WA929B1C7D14CDC88B196EBDCCEA77AFF7BB9 	 host:: localhost 	status:: 304 	 content-length:: - 	response-time:: 356.388 ms
::1 - - [Sat, 23 Apr 2022 13:56:27 GMT] "GET /users?key=D73373D9B4ED6FEC5B8B2DAF6WA929B1C7D14CDC88B196EBDCCEA77AFF7BB9 HTTP/1.1" 304 - "http://localhost:3000/" "Mozilla/5.0 (Windows NT 10.0; Win64; x64) AppleWebKit/537.36 (KHTML, like Gecko) Chrome/100.0.4896.127 Safari/537.36"
method:: GET 	 url:: /users?key=D73373D9B4ED6FEC5B8B2DAF6WA929B1C7D14CDC88B196EBDCCEA77AFF7BB9 	 host:: localhost 	status:: 304 	 content-length:: - 	response-time:: 320.190 ms
::1 - - [Sat, 23 Apr 2022 13:56:27 GMT] "GET /class/get/class/61db23d8a8023735e075a53d HTTP/1.1" 304 - "http://localhost:3000/" "Mozilla/5.0 (Windows NT 10.0; Win64; x64) AppleWebKit/537.36 (KHTML, like Gecko) Chrome/100.0.4896.127 Safari/537.36"
method:: GET 	 url:: /class/get/class/61db23d8a8023735e075a53d 	 host:: localhost 	status:: 304 	 content-length:: - 	response-time:: 324.413 ms
::1 - - [Sat, 23 Apr 2022 13:56:28 GMT] "GET /users?key=D73373D9B4ED6FEC5B8B2DAF6WA929B1C7D14CDC88B196EBDCCEA77AFF7BB9 HTTP/1.1" 304 - "http://localhost:3000/" "Mozilla/5.0 (Windows NT 10.0; Win64; x64) AppleWebKit/537.36 (KHTML, like Gecko) Chrome/100.0.4896.127 Safari/537.36"
method:: GET 	 url:: /users?key=D73373D9B4ED6FEC5B8B2DAF6WA929B1C7D14CDC88B196EBDCCEA77AFF7BB9 	 host:: localhost 	status:: 304 	 content-length:: - 	response-time:: 256.445 ms
::1 - - [Sat, 23 Apr 2022 13:56:28 GMT] "GET /classwork/class/get/61db23d8a8023735e075a53d HTTP/1.1" 304 - "http://localhost:3000/" "Mozilla/5.0 (Windows NT 10.0; Win64; x64) AppleWebKit/537.36 (KHTML, like Gecko) Chrome/100.0.4896.127 Safari/537.36"
method:: GET 	 url:: /classwork/class/get/61db23d8a8023735e075a53d 	 host:: localhost 	status:: 304 	 content-length:: - 	response-time:: 602.145 ms
::1 - - [Sat, 23 Apr 2022 13:56:28 GMT] "GET /class/get/created/61db2395a8023735e075a53c HTTP/1.1" 304 - "http://localhost:3000/" "Mozilla/5.0 (Windows NT 10.0; Win64; x64) AppleWebKit/537.36 (KHTML, like Gecko) Chrome/100.0.4896.127 Safari/537.36"
method:: GET 	 url:: /class/get/created/61db2395a8023735e075a53c 	 host:: localhost 	status:: 304 	 content-length:: - 	response-time:: 270.254 ms
::1 - - [Sat, 23 Apr 2022 13:56:28 GMT] "GET /class/get/taught/61db2395a8023735e075a53c HTTP/1.1" 304 - "http://localhost:3000/" "Mozilla/5.0 (Windows NT 10.0; Win64; x64) AppleWebKit/537.36 (KHTML, like Gecko) Chrome/100.0.4896.127 Safari/537.36"
method:: GET 	 url:: /class/get/taught/61db2395a8023735e075a53c 	 host:: localhost 	status:: 304 	 content-length:: - 	response-time:: 267.355 ms
::1 - - [Sat, 23 Apr 2022 13:56:28 GMT] "GET /class/get/studied/61db2395a8023735e075a53c HTTP/1.1" 304 - "http://localhost:3000/" "Mozilla/5.0 (Windows NT 10.0; Win64; x64) AppleWebKit/537.36 (KHTML, like Gecko) Chrome/100.0.4896.127 Safari/537.36"
method:: GET 	 url:: /class/get/studied/61db2395a8023735e075a53c 	 host:: localhost 	status:: 304 	 content-length:: - 	response-time:: 529.669 ms
::1 - - [Sat, 23 Apr 2022 13:56:28 GMT] "GET /users/get/by/61db2395a8023735e075a53c?key=D73373D9B4ED6FEC5B8B2DAF6WA929B1C7D14CDC88B196EBDCCEA77AFF7BB9 HTTP/1.1" 304 - "http://localhost:3000/" "Mozilla/5.0 (Windows NT 10.0; Win64; x64) AppleWebKit/537.36 (KHTML, like Gecko) Chrome/100.0.4896.127 Safari/537.36"
method:: GET 	 url:: /users/get/by/61db2395a8023735e075a53c?key=D73373D9B4ED6FEC5B8B2DAF6WA929B1C7D14CDC88B196EBDCCEA77AFF7BB9 	 host:: localhost 	status:: 304 	 content-length:: - 	response-time:: 359.048 ms
::1 - - [Sat, 23 Apr 2022 13:56:28 GMT] "GET /users/get/by/61db2395a8023735e075a53c?key=D73373D9B4ED6FEC5B8B2DAF6WA929B1C7D14CDC88B196EBDCCEA77AFF7BB9 HTTP/1.1" 304 - "http://localhost:3000/" "Mozilla/5.0 (Windows NT 10.0; Win64; x64) AppleWebKit/537.36 (KHTML, like Gecko) Chrome/100.0.4896.127 Safari/537.36"
method:: GET 	 url:: /users/get/by/61db2395a8023735e075a53c?key=D73373D9B4ED6FEC5B8B2DAF6WA929B1C7D14CDC88B196EBDCCEA77AFF7BB9 	 host:: localhost 	status:: 304 	 content-length:: - 	response-time:: 239.607 ms
::1 - - [Sat, 23 Apr 2022 13:56:29 GMT] "GET /users/get/by/61db2395a8023735e075a53c?key=D73373D9B4ED6FEC5B8B2DAF6WA929B1C7D14CDC88B196EBDCCEA77AFF7BB9 HTTP/1.1" 304 - "http://localhost:3000/" "Mozilla/5.0 (Windows NT 10.0; Win64; x64) AppleWebKit/537.36 (KHTML, like Gecko) Chrome/100.0.4896.127 Safari/537.36"
method:: GET 	 url:: /users/get/by/61db2395a8023735e075a53c?key=D73373D9B4ED6FEC5B8B2DAF6WA929B1C7D14CDC88B196EBDCCEA77AFF7BB9 	 host:: localhost 	status:: 304 	 content-length:: - 	response-time:: 416.064 ms
::1 - - [Sat, 23 Apr 2022 13:56:29 GMT] "GET /users/get/by/61db2395a8023735e075a53c?key=D73373D9B4ED6FEC5B8B2DAF6WA929B1C7D14CDC88B196EBDCCEA77AFF7BB9 HTTP/1.1" 304 - "http://localhost:3000/" "Mozilla/5.0 (Windows NT 10.0; Win64; x64) AppleWebKit/537.36 (KHTML, like Gecko) Chrome/100.0.4896.127 Safari/537.36"
method:: GET 	 url:: /users/get/by/61db2395a8023735e075a53c?key=D73373D9B4ED6FEC5B8B2DAF6WA929B1C7D14CDC88B196EBDCCEA77AFF7BB9 	 host:: localhost 	status:: 304 	 content-length:: - 	response-time:: 241.219 ms
::1 - - [Sat, 23 Apr 2022 13:56:29 GMT] "GET /users/get/by/61db2395a8023735e075a53c?key=D73373D9B4ED6FEC5B8B2DAF6WA929B1C7D14CDC88B196EBDCCEA77AFF7BB9 HTTP/1.1" 304 - "http://localhost:3000/" "Mozilla/5.0 (Windows NT 10.0; Win64; x64) AppleWebKit/537.36 (KHTML, like Gecko) Chrome/100.0.4896.127 Safari/537.36"
method:: GET 	 url:: /users/get/by/61db2395a8023735e075a53c?key=D73373D9B4ED6FEC5B8B2DAF6WA929B1C7D14CDC88B196EBDCCEA77AFF7BB9 	 host:: localhost 	status:: 304 	 content-length:: - 	response-time:: 260.832 ms
::1 - - [Sat, 23 Apr 2022 13:56:30 GMT] "GET /users/get/by/61db2395a8023735e075a53c?key=D73373D9B4ED6FEC5B8B2DAF6WA929B1C7D14CDC88B196EBDCCEA77AFF7BB9 HTTP/1.1" 304 - "http://localhost:3000/" "Mozilla/5.0 (Windows NT 10.0; Win64; x64) AppleWebKit/537.36 (KHTML, like Gecko) Chrome/100.0.4896.127 Safari/537.36"
method:: GET 	 url:: /users/get/by/61db2395a8023735e075a53c?key=D73373D9B4ED6FEC5B8B2DAF6WA929B1C7D14CDC88B196EBDCCEA77AFF7BB9 	 host:: localhost 	status:: 304 	 content-length:: - 	response-time:: 374.741 ms
::1 - - [Sat, 23 Apr 2022 13:56:30 GMT] "GET /users/get/by/61db2395a8023735e075a53c?key=D73373D9B4ED6FEC5B8B2DAF6WA929B1C7D14CDC88B196EBDCCEA77AFF7BB9 HTTP/1.1" 304 - "http://localhost:3000/" "Mozilla/5.0 (Windows NT 10.0; Win64; x64) AppleWebKit/537.36 (KHTML, like Gecko) Chrome/100.0.4896.127 Safari/537.36"
method:: GET 	 url:: /users/get/by/61db2395a8023735e075a53c?key=D73373D9B4ED6FEC5B8B2DAF6WA929B1C7D14CDC88B196EBDCCEA77AFF7BB9 	 host:: localhost 	status:: 304 	 content-length:: - 	response-time:: 368.107 ms
::1 - - [Sat, 23 Apr 2022 13:56:33 GMT] "GET /users?key=D73373D9B4ED6FEC5B8B2DAF6WA929B1C7D14CDC88B196EBDCCEA77AFF7BB9 HTTP/1.1" 304 - "http://localhost:3000/" "Mozilla/5.0 (Windows NT 10.0; Win64; x64) AppleWebKit/537.36 (KHTML, like Gecko) Chrome/100.0.4896.127 Safari/537.36"
method:: GET 	 url:: /users?key=D73373D9B4ED6FEC5B8B2DAF6WA929B1C7D14CDC88B196EBDCCEA77AFF7BB9 	 host:: localhost 	status:: 304 	 content-length:: - 	response-time:: 325.489 ms
::1 - - [Sat, 23 Apr 2022 13:56:33 GMT] "GET /class/get/class/61db23d8a8023735e075a53d HTTP/1.1" 304 - "http://localhost:3000/" "Mozilla/5.0 (Windows NT 10.0; Win64; x64) AppleWebKit/537.36 (KHTML, like Gecko) Chrome/100.0.4896.127 Safari/537.36"
method:: GET 	 url:: /class/get/class/61db23d8a8023735e075a53d 	 host:: localhost 	status:: 304 	 content-length:: - 	response-time:: 325.122 ms
::1 - - [Sat, 23 Apr 2022 13:56:34 GMT] "GET /class/get/taught/61db2395a8023735e075a53c HTTP/1.1" 304 - "http://localhost:3000/" "Mozilla/5.0 (Windows NT 10.0; Win64; x64) AppleWebKit/537.36 (KHTML, like Gecko) Chrome/100.0.4896.127 Safari/537.36"
method:: GET 	 url:: /class/get/taught/61db2395a8023735e075a53c 	 host:: localhost 	status:: 304 	 content-length:: - 	response-time:: 1051.172 ms
::1 - - [Sat, 23 Apr 2022 13:56:34 GMT] "GET /class/get/studied/61db2395a8023735e075a53c HTTP/1.1" 304 - "http://localhost:3000/" "Mozilla/5.0 (Windows NT 10.0; Win64; x64) AppleWebKit/537.36 (KHTML, like Gecko) Chrome/100.0.4896.127 Safari/537.36"
method:: GET 	 url:: /class/get/studied/61db2395a8023735e075a53c 	 host:: localhost 	status:: 304 	 content-length:: - 	response-time:: 1055.683 ms
::1 - - [Sat, 23 Apr 2022 13:56:34 GMT] "GET /class/get/created/61db2395a8023735e075a53c HTTP/1.1" 304 - "http://localhost:3000/" "Mozilla/5.0 (Windows NT 10.0; Win64; x64) AppleWebKit/537.36 (KHTML, like Gecko) Chrome/100.0.4896.127 Safari/537.36"
method:: GET 	 url:: /class/get/created/61db2395a8023735e075a53c 	 host:: localhost 	status:: 304 	 content-length:: - 	response-time:: 1076.414 ms
::1 - - [Sat, 23 Apr 2022 13:56:34 GMT] "GET /users/get/by/61db2395a8023735e075a53c?key=D73373D9B4ED6FEC5B8B2DAF6WA929B1C7D14CDC88B196EBDCCEA77AFF7BB9 HTTP/1.1" 304 - "http://localhost:3000/" "Mozilla/5.0 (Windows NT 10.0; Win64; x64) AppleWebKit/537.36 (KHTML, like Gecko) Chrome/100.0.4896.127 Safari/537.36"
method:: GET 	 url:: /users/get/by/61db2395a8023735e075a53c?key=D73373D9B4ED6FEC5B8B2DAF6WA929B1C7D14CDC88B196EBDCCEA77AFF7BB9 	 host:: localhost 	status:: 304 	 content-length:: - 	response-time:: 1064.165 ms
::1 - - [Sat, 23 Apr 2022 13:56:34 GMT] "GET /users/get/by/61db24a8a8023735e075a542?key=D73373D9B4ED6FEC5B8B2DAF6WA929B1C7D14CDC88B196EBDCCEA77AFF7BB9 HTTP/1.1" 200 575 "http://localhost:3000/" "Mozilla/5.0 (Windows NT 10.0; Win64; x64) AppleWebKit/537.36 (KHTML, like Gecko) Chrome/100.0.4896.127 Safari/537.36"
method:: GET 	 url:: /users/get/by/61db24a8a8023735e075a542?key=D73373D9B4ED6FEC5B8B2DAF6WA929B1C7D14CDC88B196EBDCCEA77AFF7BB9 	 host:: localhost 	status:: 200 	 content-length:: 575 	response-time:: 1067.979 ms
::1 - - [Sat, 23 Apr 2022 13:56:34 GMT] "GET /PROFILE-PICTURE-1641873637648.png HTTP/1.1" 404 172 "http://localhost:3000/" "Mozilla/5.0 (Windows NT 10.0; Win64; x64) AppleWebKit/537.36 (KHTML, like Gecko) Chrome/100.0.4896.127 Safari/537.36"
method:: GET 	 url:: /PROFILE-PICTURE-1641873637648.png 	 host:: localhost 	status:: 404 	 content-length:: 172 	response-time:: 2.153 ms
::1 - - [Sat, 23 Apr 2022 13:56:35 GMT] "GET /users/get/by/61db24d6a8023735e075a543?key=D73373D9B4ED6FEC5B8B2DAF6WA929B1C7D14CDC88B196EBDCCEA77AFF7BB9 HTTP/1.1" 200 327 "http://localhost:3000/" "Mozilla/5.0 (Windows NT 10.0; Win64; x64) AppleWebKit/537.36 (KHTML, like Gecko) Chrome/100.0.4896.127 Safari/537.36"
method:: GET 	 url:: /users/get/by/61db24d6a8023735e075a543?key=D73373D9B4ED6FEC5B8B2DAF6WA929B1C7D14CDC88B196EBDCCEA77AFF7BB9 	 host:: localhost 	status:: 200 	 content-length:: 327 	response-time:: 1386.587 ms
::1 - - [Sat, 23 Apr 2022 13:56:36 GMT] "GET /users/get/by/61dd017365621337685fcc1a?key=D73373D9B4ED6FEC5B8B2DAF6WA929B1C7D14CDC88B196EBDCCEA77AFF7BB9 HTTP/1.1" 200 327 "http://localhost:3000/" "Mozilla/5.0 (Windows NT 10.0; Win64; x64) AppleWebKit/537.36 (KHTML, like Gecko) Chrome/100.0.4896.127 Safari/537.36"
method:: GET 	 url:: /users/get/by/61dd017365621337685fcc1a?key=D73373D9B4ED6FEC5B8B2DAF6WA929B1C7D14CDC88B196EBDCCEA77AFF7BB9 	 host:: localhost 	status:: 200 	 content-length:: 327 	response-time:: 1433.552 ms
::1 - - [Sat, 23 Apr 2022 13:56:38 GMT] "GET /users?key=D73373D9B4ED6FEC5B8B2DAF6WA929B1C7D14CDC88B196EBDCCEA77AFF7BB9 HTTP/1.1" 304 - "http://localhost:3000/" "Mozilla/5.0 (Windows NT 10.0; Win64; x64) AppleWebKit/537.36 (KHTML, like Gecko) Chrome/100.0.4896.127 Safari/537.36"
method:: GET 	 url:: /users?key=D73373D9B4ED6FEC5B8B2DAF6WA929B1C7D14CDC88B196EBDCCEA77AFF7BB9 	 host:: localhost 	status:: 304 	 content-length:: - 	response-time:: 445.352 ms
::1 - - [Sat, 23 Apr 2022 13:56:38 GMT] "GET /class/get/class/61db23d8a8023735e075a53d HTTP/1.1" 304 - "http://localhost:3000/" "Mozilla/5.0 (Windows NT 10.0; Win64; x64) AppleWebKit/537.36 (KHTML, like Gecko) Chrome/100.0.4896.127 Safari/537.36"
method:: GET 	 url:: /class/get/class/61db23d8a8023735e075a53d 	 host:: localhost 	status:: 304 	 content-length:: - 	response-time:: 690.919 ms
::1 - - [Sat, 23 Apr 2022 13:56:39 GMT] "GET /class/get/taught/61db2395a8023735e075a53c HTTP/1.1" 304 - "http://localhost:3000/" "Mozilla/5.0 (Windows NT 10.0; Win64; x64) AppleWebKit/537.36 (KHTML, like Gecko) Chrome/100.0.4896.127 Safari/537.36"
method:: GET 	 url:: /class/get/taught/61db2395a8023735e075a53c 	 host:: localhost 	status:: 304 	 content-length:: - 	response-time:: 248.154 ms
::1 - - [Sat, 23 Apr 2022 13:56:39 GMT] "GET /class/get/studied/61db2395a8023735e075a53c HTTP/1.1" 304 - "http://localhost:3000/" "Mozilla/5.0 (Windows NT 10.0; Win64; x64) AppleWebKit/537.36 (KHTML, like Gecko) Chrome/100.0.4896.127 Safari/537.36"
method:: GET 	 url:: /class/get/studied/61db2395a8023735e075a53c 	 host:: localhost 	status:: 304 	 content-length:: - 	response-time:: 252.800 ms
::1 - - [Sat, 23 Apr 2022 13:56:39 GMT] "GET /class/get/created/61db2395a8023735e075a53c HTTP/1.1" 304 - "http://localhost:3000/" "Mozilla/5.0 (Windows NT 10.0; Win64; x64) AppleWebKit/537.36 (KHTML, like Gecko) Chrome/100.0.4896.127 Safari/537.36"
method:: GET 	 url:: /class/get/created/61db2395a8023735e075a53c 	 host:: localhost 	status:: 304 	 content-length:: - 	response-time:: 306.799 ms
::1 - - [Sat, 23 Apr 2022 13:56:40 GMT] "GET /users?key=D73373D9B4ED6FEC5B8B2DAF6WA929B1C7D14CDC88B196EBDCCEA77AFF7BB9 HTTP/1.1" 304 - "http://localhost:3000/" "Mozilla/5.0 (Windows NT 10.0; Win64; x64) AppleWebKit/537.36 (KHTML, like Gecko) Chrome/100.0.4896.127 Safari/537.36"
method:: GET 	 url:: /users?key=D73373D9B4ED6FEC5B8B2DAF6WA929B1C7D14CDC88B196EBDCCEA77AFF7BB9 	 host:: localhost 	status:: 304 	 content-length:: - 	response-time:: 1484.730 ms
::1 - - [Sat, 23 Apr 2022 13:56:40 GMT] "GET /users/get/by/61dd017365621337685fcc1a?key=D73373D9B4ED6FEC5B8B2DAF6WA929B1C7D14CDC88B196EBDCCEA77AFF7BB9 HTTP/1.1" 304 - "http://localhost:3000/" "Mozilla/5.0 (Windows NT 10.0; Win64; x64) AppleWebKit/537.36 (KHTML, like Gecko) Chrome/100.0.4896.127 Safari/537.36"
method:: GET 	 url:: /users/get/by/61dd017365621337685fcc1a?key=D73373D9B4ED6FEC5B8B2DAF6WA929B1C7D14CDC88B196EBDCCEA77AFF7BB9 	 host:: localhost 	status:: 304 	 content-length:: - 	response-time:: 1460.782 ms
::1 - - [Sat, 23 Apr 2022 13:56:40 GMT] "GET /users/get/by/61db24d6a8023735e075a543?key=D73373D9B4ED6FEC5B8B2DAF6WA929B1C7D14CDC88B196EBDCCEA77AFF7BB9 HTTP/1.1" 304 - "http://localhost:3000/" "Mozilla/5.0 (Windows NT 10.0; Win64; x64) AppleWebKit/537.36 (KHTML, like Gecko) Chrome/100.0.4896.127 Safari/537.36"
method:: GET 	 url:: /users/get/by/61db24d6a8023735e075a543?key=D73373D9B4ED6FEC5B8B2DAF6WA929B1C7D14CDC88B196EBDCCEA77AFF7BB9 	 host:: localhost 	status:: 304 	 content-length:: - 	response-time:: 1482.521 ms
::1 - - [Sat, 23 Apr 2022 13:56:40 GMT] "GET /users/get/by/61db24a8a8023735e075a542?key=D73373D9B4ED6FEC5B8B2DAF6WA929B1C7D14CDC88B196EBDCCEA77AFF7BB9 HTTP/1.1" 304 - "http://localhost:3000/" "Mozilla/5.0 (Windows NT 10.0; Win64; x64) AppleWebKit/537.36 (KHTML, like Gecko) Chrome/100.0.4896.127 Safari/537.36"
method:: GET 	 url:: /users/get/by/61db24a8a8023735e075a542?key=D73373D9B4ED6FEC5B8B2DAF6WA929B1C7D14CDC88B196EBDCCEA77AFF7BB9 	 host:: localhost 	status:: 304 	 content-length:: - 	response-time:: 1497.843 ms
::1 - - [Sat, 23 Apr 2022 13:56:44 GMT] "POST /class/students/add HTTP/1.1" 400 23 "http://localhost:3000/" "Mozilla/5.0 (Windows NT 10.0; Win64; x64) AppleWebKit/537.36 (KHTML, like Gecko) Chrome/100.0.4896.127 Safari/537.36"
method:: POST 	 url:: /class/students/add 	 host:: localhost 	status:: 400 	 content-length:: 23 	response-time:: 1080.017 ms
::1 - - [Sat, 23 Apr 2022 13:56:48 GMT] "POST /class/students/add HTTP/1.1" 400 23 "http://localhost:3000/" "Mozilla/5.0 (Windows NT 10.0; Win64; x64) AppleWebKit/537.36 (KHTML, like Gecko) Chrome/100.0.4896.127 Safari/537.36"
method:: POST 	 url:: /class/students/add 	 host:: localhost 	status:: 400 	 content-length:: 23 	response-time:: 1247.376 ms
::1 - - [Sat, 23 Apr 2022 13:56:56 GMT] "GET /users?key=D73373D9B4ED6FEC5B8B2DAF6WA929B1C7D14CDC88B196EBDCCEA77AFF7BB9 HTTP/1.1" 304 - "http://localhost:3000/" "Mozilla/5.0 (Windows NT 10.0; Win64; x64) AppleWebKit/537.36 (KHTML, like Gecko) Chrome/100.0.4896.127 Safari/537.36"
method:: GET 	 url:: /users?key=D73373D9B4ED6FEC5B8B2DAF6WA929B1C7D14CDC88B196EBDCCEA77AFF7BB9 	 host:: localhost 	status:: 304 	 content-length:: - 	response-time:: 247.379 ms
::1 - - [Sat, 23 Apr 2022 13:56:56 GMT] "GET /class/get/class/61db23d8a8023735e075a53d HTTP/1.1" 200 408 "http://localhost:3000/" "Mozilla/5.0 (Windows NT 10.0; Win64; x64) AppleWebKit/537.36 (KHTML, like Gecko) Chrome/100.0.4896.127 Safari/537.36"
method:: GET 	 url:: /class/get/class/61db23d8a8023735e075a53d 	 host:: localhost 	status:: 200 	 content-length:: 408 	response-time:: 250.870 ms
::1 - - [Sat, 23 Apr 2022 13:56:56 GMT] "GET /class/get/created/61db2395a8023735e075a53c HTTP/1.1" 200 812 "http://localhost:3000/" "Mozilla/5.0 (Windows NT 10.0; Win64; x64) AppleWebKit/537.36 (KHTML, like Gecko) Chrome/100.0.4896.127 Safari/537.36"
method:: GET 	 url:: /class/get/created/61db2395a8023735e075a53c 	 host:: localhost 	status:: 200 	 content-length:: 812 	response-time:: 236.305 ms
::1 - - [Sat, 23 Apr 2022 13:56:56 GMT] "GET /class/get/studied/61db2395a8023735e075a53c HTTP/1.1" 304 - "http://localhost:3000/" "Mozilla/5.0 (Windows NT 10.0; Win64; x64) AppleWebKit/537.36 (KHTML, like Gecko) Chrome/100.0.4896.127 Safari/537.36"
method:: GET 	 url:: /class/get/studied/61db2395a8023735e075a53c 	 host:: localhost 	status:: 304 	 content-length:: - 	response-time:: 242.452 ms
::1 - - [Sat, 23 Apr 2022 13:56:56 GMT] "GET /class/get/taught/61db2395a8023735e075a53c HTTP/1.1" 304 - "http://localhost:3000/" "Mozilla/5.0 (Windows NT 10.0; Win64; x64) AppleWebKit/537.36 (KHTML, like Gecko) Chrome/100.0.4896.127 Safari/537.36"
method:: GET 	 url:: /class/get/taught/61db2395a8023735e075a53c 	 host:: localhost 	status:: 304 	 content-length:: - 	response-time:: 249.436 ms
::1 - - [Sat, 23 Apr 2022 13:56:56 GMT] "GET /users/get/by/61db24d6a8023735e075a543?key=D73373D9B4ED6FEC5B8B2DAF6WA929B1C7D14CDC88B196EBDCCEA77AFF7BB9 HTTP/1.1" 304 - "http://localhost:3000/" "Mozilla/5.0 (Windows NT 10.0; Win64; x64) AppleWebKit/537.36 (KHTML, like Gecko) Chrome/100.0.4896.127 Safari/537.36"
method:: GET 	 url:: /users/get/by/61db24d6a8023735e075a543?key=D73373D9B4ED6FEC5B8B2DAF6WA929B1C7D14CDC88B196EBDCCEA77AFF7BB9 	 host:: localhost 	status:: 304 	 content-length:: - 	response-time:: 247.420 ms
::1 - - [Sat, 23 Apr 2022 13:56:56 GMT] "GET /users?key=D73373D9B4ED6FEC5B8B2DAF6WA929B1C7D14CDC88B196EBDCCEA77AFF7BB9 HTTP/1.1" 304 - "http://localhost:3000/" "Mozilla/5.0 (Windows NT 10.0; Win64; x64) AppleWebKit/537.36 (KHTML, like Gecko) Chrome/100.0.4896.127 Safari/537.36"
method:: GET 	 url:: /users?key=D73373D9B4ED6FEC5B8B2DAF6WA929B1C7D14CDC88B196EBDCCEA77AFF7BB9 	 host:: localhost 	status:: 304 	 content-length:: - 	response-time:: 311.222 ms
::1 - - [Sat, 23 Apr 2022 13:56:56 GMT] "GET /users/get/by/61dd017365621337685fcc1a?key=D73373D9B4ED6FEC5B8B2DAF6WA929B1C7D14CDC88B196EBDCCEA77AFF7BB9 HTTP/1.1" 304 - "http://localhost:3000/" "Mozilla/5.0 (Windows NT 10.0; Win64; x64) AppleWebKit/537.36 (KHTML, like Gecko) Chrome/100.0.4896.127 Safari/537.36"
method:: GET 	 url:: /users/get/by/61dd017365621337685fcc1a?key=D73373D9B4ED6FEC5B8B2DAF6WA929B1C7D14CDC88B196EBDCCEA77AFF7BB9 	 host:: localhost 	status:: 304 	 content-length:: - 	response-time:: 316.471 ms
::1 - - [Sat, 23 Apr 2022 13:56:57 GMT] "GET /users/get/by/61db24a8a8023735e075a542?key=D73373D9B4ED6FEC5B8B2DAF6WA929B1C7D14CDC88B196EBDCCEA77AFF7BB9 HTTP/1.1" 304 - "http://localhost:3000/" "Mozilla/5.0 (Windows NT 10.0; Win64; x64) AppleWebKit/537.36 (KHTML, like Gecko) Chrome/100.0.4896.127 Safari/537.36"
method:: GET 	 url:: /users/get/by/61db24a8a8023735e075a542?key=D73373D9B4ED6FEC5B8B2DAF6WA929B1C7D14CDC88B196EBDCCEA77AFF7BB9 	 host:: localhost 	status:: 304 	 content-length:: - 	response-time:: 235.554 ms
::1 - - [Sat, 23 Apr 2022 13:56:57 GMT] "GET /users/get/by/61db24a8a8023735e075a542?key=D73373D9B4ED6FEC5B8B2DAF6WA929B1C7D14CDC88B196EBDCCEA77AFF7BB9 HTTP/1.1" 304 - "http://localhost:3000/" "Mozilla/5.0 (Windows NT 10.0; Win64; x64) AppleWebKit/537.36 (KHTML, like Gecko) Chrome/100.0.4896.127 Safari/537.36"
method:: GET 	 url:: /users/get/by/61db24a8a8023735e075a542?key=D73373D9B4ED6FEC5B8B2DAF6WA929B1C7D14CDC88B196EBDCCEA77AFF7BB9 	 host:: localhost 	status:: 304 	 content-length:: - 	response-time:: 484.135 ms
::1 - - [Sat, 23 Apr 2022 13:57:05 GMT] "POST /class/students/remove HTTP/1.1" 400 23 "http://localhost:3000/" "Mozilla/5.0 (Windows NT 10.0; Win64; x64) AppleWebKit/537.36 (KHTML, like Gecko) Chrome/100.0.4896.127 Safari/537.36"
method:: POST 	 url:: /class/students/remove 	 host:: localhost 	status:: 400 	 content-length:: 23 	response-time:: 1018.794 ms
::1 - - [Sat, 23 Apr 2022 13:57:11 GMT] "GET /users?key=D73373D9B4ED6FEC5B8B2DAF6WA929B1C7D14CDC88B196EBDCCEA77AFF7BB9 HTTP/1.1" 304 - "http://localhost:3000/" "Mozilla/5.0 (Windows NT 10.0; Win64; x64) AppleWebKit/537.36 (KHTML, like Gecko) Chrome/100.0.4896.127 Safari/537.36"
method:: GET 	 url:: /users?key=D73373D9B4ED6FEC5B8B2DAF6WA929B1C7D14CDC88B196EBDCCEA77AFF7BB9 	 host:: localhost 	status:: 304 	 content-length:: - 	response-time:: 408.692 ms
::1 - - [Sat, 23 Apr 2022 13:57:11 GMT] "GET /class/get/class/61db23d8a8023735e075a53d HTTP/1.1" 200 354 "http://localhost:3000/" "Mozilla/5.0 (Windows NT 10.0; Win64; x64) AppleWebKit/537.36 (KHTML, like Gecko) Chrome/100.0.4896.127 Safari/537.36"
method:: GET 	 url:: /class/get/class/61db23d8a8023735e075a53d 	 host:: localhost 	status:: 200 	 content-length:: 354 	response-time:: 417.999 ms
::1 - - [Sat, 23 Apr 2022 13:57:12 GMT] "GET /class/get/studied/61db2395a8023735e075a53c HTTP/1.1" 304 - "http://localhost:3000/" "Mozilla/5.0 (Windows NT 10.0; Win64; x64) AppleWebKit/537.36 (KHTML, like Gecko) Chrome/100.0.4896.127 Safari/537.36"
method:: GET 	 url:: /class/get/studied/61db2395a8023735e075a53c 	 host:: localhost 	status:: 304 	 content-length:: - 	response-time:: 226.397 ms
::1 - - [Sat, 23 Apr 2022 13:57:12 GMT] "GET /class/get/created/61db2395a8023735e075a53c HTTP/1.1" 200 758 "http://localhost:3000/" "Mozilla/5.0 (Windows NT 10.0; Win64; x64) AppleWebKit/537.36 (KHTML, like Gecko) Chrome/100.0.4896.127 Safari/537.36"
method:: GET 	 url:: /class/get/created/61db2395a8023735e075a53c 	 host:: localhost 	status:: 200 	 content-length:: 758 	response-time:: 237.251 ms
::1 - - [Sat, 23 Apr 2022 13:57:12 GMT] "GET /class/get/taught/61db2395a8023735e075a53c HTTP/1.1" 304 - "http://localhost:3000/" "Mozilla/5.0 (Windows NT 10.0; Win64; x64) AppleWebKit/537.36 (KHTML, like Gecko) Chrome/100.0.4896.127 Safari/537.36"
method:: GET 	 url:: /class/get/taught/61db2395a8023735e075a53c 	 host:: localhost 	status:: 304 	 content-length:: - 	response-time:: 240.547 ms
::1 - - [Sat, 23 Apr 2022 13:57:12 GMT] "GET /users/get/by/61db24d6a8023735e075a543?key=D73373D9B4ED6FEC5B8B2DAF6WA929B1C7D14CDC88B196EBDCCEA77AFF7BB9 HTTP/1.1" 304 - "http://localhost:3000/" "Mozilla/5.0 (Windows NT 10.0; Win64; x64) AppleWebKit/537.36 (KHTML, like Gecko) Chrome/100.0.4896.127 Safari/537.36"
method:: GET 	 url:: /users/get/by/61db24d6a8023735e075a543?key=D73373D9B4ED6FEC5B8B2DAF6WA929B1C7D14CDC88B196EBDCCEA77AFF7BB9 	 host:: localhost 	status:: 304 	 content-length:: - 	response-time:: 232.163 ms
::1 - - [Sat, 23 Apr 2022 13:57:12 GMT] "GET /users?key=D73373D9B4ED6FEC5B8B2DAF6WA929B1C7D14CDC88B196EBDCCEA77AFF7BB9 HTTP/1.1" 304 - "http://localhost:3000/" "Mozilla/5.0 (Windows NT 10.0; Win64; x64) AppleWebKit/537.36 (KHTML, like Gecko) Chrome/100.0.4896.127 Safari/537.36"
method:: GET 	 url:: /users?key=D73373D9B4ED6FEC5B8B2DAF6WA929B1C7D14CDC88B196EBDCCEA77AFF7BB9 	 host:: localhost 	status:: 304 	 content-length:: - 	response-time:: 274.346 ms
::1 - - [Sat, 23 Apr 2022 13:57:12 GMT] "GET /users/get/by/61dd017365621337685fcc1a?key=D73373D9B4ED6FEC5B8B2DAF6WA929B1C7D14CDC88B196EBDCCEA77AFF7BB9 HTTP/1.1" 304 - "http://localhost:3000/" "Mozilla/5.0 (Windows NT 10.0; Win64; x64) AppleWebKit/537.36 (KHTML, like Gecko) Chrome/100.0.4896.127 Safari/537.36"
method:: GET 	 url:: /users/get/by/61dd017365621337685fcc1a?key=D73373D9B4ED6FEC5B8B2DAF6WA929B1C7D14CDC88B196EBDCCEA77AFF7BB9 	 host:: localhost 	status:: 304 	 content-length:: - 	response-time:: 276.888 ms
::1 - - [Sat, 23 Apr 2022 13:57:18 GMT] "POST /class/teacher/add HTTP/1.1" 400 23 "http://localhost:3000/" "Mozilla/5.0 (Windows NT 10.0; Win64; x64) AppleWebKit/537.36 (KHTML, like Gecko) Chrome/100.0.4896.127 Safari/537.36"
method:: POST 	 url:: /class/teacher/add 	 host:: localhost 	status:: 400 	 content-length:: 23 	response-time:: 1282.286 ms
::1 - - [Sat, 23 Apr 2022 13:57:22 GMT] "GET /class/get/class/61db23d8a8023735e075a53d HTTP/1.1" 200 353 "http://localhost:3000/" "Mozilla/5.0 (Windows NT 10.0; Win64; x64) AppleWebKit/537.36 (KHTML, like Gecko) Chrome/100.0.4896.127 Safari/537.36"
method:: GET 	 url:: /class/get/class/61db23d8a8023735e075a53d 	 host:: localhost 	status:: 200 	 content-length:: 353 	response-time:: 268.570 ms
::1 - - [Sat, 23 Apr 2022 13:57:22 GMT] "GET /users?key=D73373D9B4ED6FEC5B8B2DAF6WA929B1C7D14CDC88B196EBDCCEA77AFF7BB9 HTTP/1.1" 304 - "http://localhost:3000/" "Mozilla/5.0 (Windows NT 10.0; Win64; x64) AppleWebKit/537.36 (KHTML, like Gecko) Chrome/100.0.4896.127 Safari/537.36"
method:: GET 	 url:: /users?key=D73373D9B4ED6FEC5B8B2DAF6WA929B1C7D14CDC88B196EBDCCEA77AFF7BB9 	 host:: localhost 	status:: 304 	 content-length:: - 	response-time:: 308.798 ms
::1 - - [Sat, 23 Apr 2022 13:57:22 GMT] "GET /users?key=D73373D9B4ED6FEC5B8B2DAF6WA929B1C7D14CDC88B196EBDCCEA77AFF7BB9 HTTP/1.1" 304 - "http://localhost:3000/" "Mozilla/5.0 (Windows NT 10.0; Win64; x64) AppleWebKit/537.36 (KHTML, like Gecko) Chrome/100.0.4896.127 Safari/537.36"
method:: GET 	 url:: /users?key=D73373D9B4ED6FEC5B8B2DAF6WA929B1C7D14CDC88B196EBDCCEA77AFF7BB9 	 host:: localhost 	status:: 304 	 content-length:: - 	response-time:: 259.229 ms
::1 - - [Sat, 23 Apr 2022 13:57:22 GMT] "GET /class/get/created/61db2395a8023735e075a53c HTTP/1.1" 200 757 "http://localhost:3000/" "Mozilla/5.0 (Windows NT 10.0; Win64; x64) AppleWebKit/537.36 (KHTML, like Gecko) Chrome/100.0.4896.127 Safari/537.36"
method:: GET 	 url:: /class/get/created/61db2395a8023735e075a53c 	 host:: localhost 	status:: 200 	 content-length:: 757 	response-time:: 248.789 ms
::1 - - [Sat, 23 Apr 2022 13:57:22 GMT] "GET /class/get/taught/61db2395a8023735e075a53c HTTP/1.1" 304 - "http://localhost:3000/" "Mozilla/5.0 (Windows NT 10.0; Win64; x64) AppleWebKit/537.36 (KHTML, like Gecko) Chrome/100.0.4896.127 Safari/537.36"
method:: GET 	 url:: /class/get/taught/61db2395a8023735e075a53c 	 host:: localhost 	status:: 304 	 content-length:: - 	response-time:: 250.209 ms
::1 - - [Sat, 23 Apr 2022 13:57:22 GMT] "GET /users/get/by/61db24d6a8023735e075a543?key=D73373D9B4ED6FEC5B8B2DAF6WA929B1C7D14CDC88B196EBDCCEA77AFF7BB9 HTTP/1.1" 304 - "http://localhost:3000/" "Mozilla/5.0 (Windows NT 10.0; Win64; x64) AppleWebKit/537.36 (KHTML, like Gecko) Chrome/100.0.4896.127 Safari/537.36"
method:: GET 	 url:: /users/get/by/61db24d6a8023735e075a543?key=D73373D9B4ED6FEC5B8B2DAF6WA929B1C7D14CDC88B196EBDCCEA77AFF7BB9 	 host:: localhost 	status:: 304 	 content-length:: - 	response-time:: 303.130 ms
::1 - - [Sat, 23 Apr 2022 13:57:22 GMT] "GET /users/get/by/61dd017365621337685fcc1a?key=D73373D9B4ED6FEC5B8B2DAF6WA929B1C7D14CDC88B196EBDCCEA77AFF7BB9 HTTP/1.1" 304 - "http://localhost:3000/" "Mozilla/5.0 (Windows NT 10.0; Win64; x64) AppleWebKit/537.36 (KHTML, like Gecko) Chrome/100.0.4896.127 Safari/537.36"
method:: GET 	 url:: /users/get/by/61dd017365621337685fcc1a?key=D73373D9B4ED6FEC5B8B2DAF6WA929B1C7D14CDC88B196EBDCCEA77AFF7BB9 	 host:: localhost 	status:: 304 	 content-length:: - 	response-time:: 297.620 ms
::1 - - [Sat, 23 Apr 2022 13:57:22 GMT] "GET /class/get/studied/61db2395a8023735e075a53c HTTP/1.1" 304 - "http://localhost:3000/" "Mozilla/5.0 (Windows NT 10.0; Win64; x64) AppleWebKit/537.36 (KHTML, like Gecko) Chrome/100.0.4896.127 Safari/537.36"
method:: GET 	 url:: /class/get/studied/61db2395a8023735e075a53c 	 host:: localhost 	status:: 304 	 content-length:: - 	response-time:: 266.969 ms
