::1 - - [Tue, 26 Apr 2022 15:53:56 GMT] "GET /api-docs/ HTTP/1.1" 200 3102 "-" "Mozilla/5.0 (Windows NT 10.0; Win64; x64) AppleWebKit/537.36 (KHTML, like Gecko) Chrome/100.0.4896.127 Safari/537.36"
method:: GET 	 url:: /api-docs/ 	 host:: localhost 	status:: 200 	 content-length:: 3102 	response-time:: 4.951 ms
::1 - - [Tue, 26 Apr 2022 15:54:10 GMT] "GET /api-docs/swagger-ui-init.js HTTP/1.1" 200 15719 "http://localhost:5000/api-docs/" "Mozilla/5.0 (Windows NT 10.0; Win64; x64) AppleWebKit/537.36 (KHTML, like Gecko) Chrome/100.0.4896.127 Safari/537.36"
method:: GET 	 url:: /api-docs/swagger-ui-init.js 	 host:: localhost 	status:: 200 	 content-length:: 15719 	response-time:: 0.736 ms
::1 - - [Tue, 26 Apr 2022 15:54:11 GMT] "GET /api-docs/swagger-ui-standalone-preset.js HTTP/1.1" 200 339540 "http://localhost:5000/api-docs/" "Mozilla/5.0 (Windows NT 10.0; Win64; x64) AppleWebKit/537.36 (KHTML, like Gecko) Chrome/100.0.4896.127 Safari/537.36"
method:: GET 	 url:: /api-docs/swagger-ui-standalone-preset.js 	 host:: localhost 	status:: 200 	 content-length:: 339540 	response-time:: 6.666 ms
::1 - - [Tue, 26 Apr 2022 15:54:11 GMT] "GET /api-docs/swagger-ui.css HTTP/1.1" 200 143980 "http://localhost:5000/api-docs/" "Mozilla/5.0 (Windows NT 10.0; Win64; x64) AppleWebKit/537.36 (KHTML, like Gecko) Chrome/100.0.4896.127 Safari/537.36"
method:: GET 	 url:: /api-docs/swagger-ui.css 	 host:: localhost 	status:: 200 	 content-length:: 143980 	response-time:: 1329.745 ms
::1 - - [Tue, 26 Apr 2022 15:54:14 GMT] "GET /api-docs/swagger-ui-bundle.js HTTP/1.1" 200 1095130 "http://localhost:5000/api-docs/" "Mozilla/5.0 (Windows NT 10.0; Win64; x64) AppleWebKit/537.36 (KHTML, like Gecko) Chrome/100.0.4896.127 Safari/537.36"
method:: GET 	 url:: /api-docs/swagger-ui-bundle.js 	 host:: localhost 	status:: 200 	 content-length:: 1095130 	response-time:: 1257.728 ms
::1 - - [Tue, 26 Apr 2022 15:54:21 GMT] "GET /api-docs/favicon-32x32.png HTTP/1.1" 200 628 "http://localhost:5000/api-docs/" "Mozilla/5.0 (Windows NT 10.0; Win64; x64) AppleWebKit/537.36 (KHTML, like Gecko) Chrome/100.0.4896.127 Safari/537.36"
method:: GET 	 url:: /api-docs/favicon-32x32.png 	 host:: localhost 	status:: 200 	 content-length:: 628 	response-time:: 134.840 ms
::1 - - [Tue, 26 Apr 2022 15:54:48 GMT] "GET /users/getAllUsers/ HTTP/1.1" 200 354 "http://localhost:5000/api-docs/" "Mozilla/5.0 (Windows NT 10.0; Win64; x64) AppleWebKit/537.36 (KHTML, like Gecko) Chrome/100.0.4896.127 Safari/537.36"
method:: GET 	 url:: /users/getAllUsers/ 	 host:: localhost 	status:: 200 	 content-length:: 354 	response-time:: 269.462 ms
::1 - - [Tue, 26 Apr 2022 15:55:06 GMT] "GET /class/getAllClasses/ HTTP/1.1" 200 3972 "http://localhost:5000/api-docs/" "Mozilla/5.0 (Windows NT 10.0; Win64; x64) AppleWebKit/537.36 (KHTML, like Gecko) Chrome/100.0.4896.127 Safari/537.36"
method:: GET 	 url:: /class/getAllClasses/ 	 host:: localhost 	status:: 200 	 content-length:: 3972 	response-time:: 254.285 ms
::1 - - [Tue, 26 Apr 2022 15:55:08 GMT] "GET /class/getAllClasses/ HTTP/1.1" 304 - "http://localhost:5000/api-docs/" "Mozilla/5.0 (Windows NT 10.0; Win64; x64) AppleWebKit/537.36 (KHTML, like Gecko) Chrome/100.0.4896.127 Safari/537.36"
method:: GET 	 url:: /class/getAllClasses/ 	 host:: localhost 	status:: 304 	 content-length:: - 	response-time:: 254.178 ms
::1 - - [Tue, 26 Apr 2022 15:55:51 GMT] "GET / HTTP/1.1" 404 139 "-" "Mozilla/5.0 (Windows NT 10.0; Win64; x64) AppleWebKit/537.36 (KHTML, like Gecko) Chrome/100.0.4896.127 Safari/537.36"
method:: GET 	 url:: / 	 host:: localhost 	status:: 404 	 content-length:: 139 	response-time:: 7.507 ms
::1 - - [Tue, 26 Apr 2022 15:55:54 GMT] "GET / HTTP/1.1" 404 139 "-" "Mozilla/5.0 (Windows NT 10.0; Win64; x64) AppleWebKit/537.36 (KHTML, like Gecko) Chrome/100.0.4896.127 Safari/537.36"
method:: GET 	 url:: / 	 host:: localhost 	status:: 404 	 content-length:: 139 	response-time:: 1.028 ms
::1 - - [Tue, 26 Apr 2022 15:55:55 GMT] "GET / HTTP/1.1" 404 139 "-" "Mozilla/5.0 (Windows NT 10.0; Win64; x64) AppleWebKit/537.36 (KHTML, like Gecko) Chrome/100.0.4896.127 Safari/537.36"
method:: GET 	 url:: / 	 host:: localhost 	status:: 404 	 content-length:: 139 	response-time:: 0.311 ms
::1 - - [Tue, 26 Apr 2022 15:55:55 GMT] "GET / HTTP/1.1" 404 139 "-" "Mozilla/5.0 (Windows NT 10.0; Win64; x64) AppleWebKit/537.36 (KHTML, like Gecko) Chrome/100.0.4896.127 Safari/537.36"
method:: GET 	 url:: / 	 host:: localhost 	status:: 404 	 content-length:: 139 	response-time:: 0.309 ms
::1 - - [Tue, 26 Apr 2022 15:55:56 GMT] "GET / HTTP/1.1" 404 139 "-" "Mozilla/5.0 (Windows NT 10.0; Win64; x64) AppleWebKit/537.36 (KHTML, like Gecko) Chrome/100.0.4896.127 Safari/537.36"
method:: GET 	 url:: / 	 host:: localhost 	status:: 404 	 content-length:: 139 	response-time:: 0.313 ms
::1 - - [Tue, 26 Apr 2022 15:55:56 GMT] "GET / HTTP/1.1" 404 139 "-" "Mozilla/5.0 (Windows NT 10.0; Win64; x64) AppleWebKit/537.36 (KHTML, like Gecko) Chrome/100.0.4896.127 Safari/537.36"
method:: GET 	 url:: / 	 host:: localhost 	status:: 404 	 content-length:: 139 	response-time:: 0.887 ms
::1 - - [Tue, 26 Apr 2022 15:57:12 GMT] "GET / HTTP/1.1" 404 139 "-" "Mozilla/5.0 (Windows NT 10.0; Win64; x64) AppleWebKit/537.36 (KHTML, like Gecko) Chrome/100.0.4896.127 Safari/537.36"
method:: GET 	 url:: / 	 host:: localhost 	status:: 404 	 content-length:: 139 	response-time:: 0.609 ms
::1 - - [Tue, 26 Apr 2022 15:57:13 GMT] "GET / HTTP/1.1" 404 139 "-" "Mozilla/5.0 (Windows NT 10.0; Win64; x64) AppleWebKit/537.36 (KHTML, like Gecko) Chrome/100.0.4896.127 Safari/537.36"
method:: GET 	 url:: / 	 host:: localhost 	status:: 404 	 content-length:: 139 	response-time:: 0.357 ms
::1 - - [Tue, 26 Apr 2022 15:57:14 GMT] "GET / HTTP/1.1" 404 139 "-" "Mozilla/5.0 (Windows NT 10.0; Win64; x64) AppleWebKit/537.36 (KHTML, like Gecko) Chrome/100.0.4896.127 Safari/537.36"
method:: GET 	 url:: / 	 host:: localhost 	status:: 404 	 content-length:: 139 	response-time:: 0.324 ms
::1 - - [Tue, 26 Apr 2022 15:57:14 GMT] "GET / HTTP/1.1" 404 139 "-" "Mozilla/5.0 (Windows NT 10.0; Win64; x64) AppleWebKit/537.36 (KHTML, like Gecko) Chrome/100.0.4896.127 Safari/537.36"
method:: GET 	 url:: / 	 host:: localhost 	status:: 404 	 content-length:: 139 	response-time:: 0.301 ms
::1 - - [Tue, 26 Apr 2022 15:57:14 GMT] "GET / HTTP/1.1" 404 139 "-" "Mozilla/5.0 (Windows NT 10.0; Win64; x64) AppleWebKit/537.36 (KHTML, like Gecko) Chrome/100.0.4896.127 Safari/537.36"
method:: GET 	 url:: / 	 host:: localhost 	status:: 404 	 content-length:: 139 	response-time:: 0.332 ms
::1 - - [Tue, 26 Apr 2022 15:57:15 GMT] "GET / HTTP/1.1" 404 139 "-" "Mozilla/5.0 (Windows NT 10.0; Win64; x64) AppleWebKit/537.36 (KHTML, like Gecko) Chrome/100.0.4896.127 Safari/537.36"
method:: GET 	 url:: / 	 host:: localhost 	status:: 404 	 content-length:: 139 	response-time:: 0.296 ms
::1 - - [Tue, 26 Apr 2022 15:57:20 GMT] "GET /users HTTP/1.1" 403 20 "-" "Mozilla/5.0 (Windows NT 10.0; Win64; x64) AppleWebKit/537.36 (KHTML, like Gecko) Chrome/100.0.4896.127 Safari/537.36"
method:: GET 	 url:: /users 	 host:: localhost 	status:: 403 	 content-length:: 20 	response-time:: 1.218 ms
::1 - - [Tue, 26 Apr 2022 15:57:21 GMT] "GET /favicon.ico HTTP/1.1" 404 150 "http://localhost:5000/users" "Mozilla/5.0 (Windows NT 10.0; Win64; x64) AppleWebKit/537.36 (KHTML, like Gecko) Chrome/100.0.4896.127 Safari/537.36"
method:: GET 	 url:: /favicon.ico 	 host:: localhost 	status:: 404 	 content-length:: 150 	response-time:: 1.940 ms
::1 - - [Tue, 26 Apr 2022 15:57:27 GMT] "GET / HTTP/1.1" 404 139 "-" "Mozilla/5.0 (Windows NT 10.0; Win64; x64) AppleWebKit/537.36 (KHTML, like Gecko) Chrome/100.0.4896.127 Safari/537.36"
method:: GET 	 url:: / 	 host:: localhost 	status:: 404 	 content-length:: 139 	response-time:: 0.883 ms
::1 - - [Tue, 26 Apr 2022 16:00:15 GMT] "POST /users/register HTTP/1.1" 200 82 "http://localhost:3000/" "Mozilla/5.0 (Windows NT 10.0; Win64; x64) AppleWebKit/537.36 (KHTML, like Gecko) Chrome/100.0.4896.127 Safari/537.36"
method:: POST 	 url:: /users/register 	 host:: localhost 	status:: 200 	 content-length:: 82 	response-time:: 1846.145 ms
::1 - - [Tue, 26 Apr 2022 16:00:15 GMT] "POST /users/register HTTP/1.1" 400 23 "http://localhost:3000/" "Mozilla/5.0 (Windows NT 10.0; Win64; x64) AppleWebKit/537.36 (KHTML, like Gecko) Chrome/100.0.4896.127 Safari/537.36"
method:: POST 	 url:: /users/register 	 host:: localhost 	status:: 400 	 content-length:: 23 	response-time:: 240.702 ms
::1 - - [Tue, 26 Apr 2022 16:00:17 GMT] "GET /users?key=D73373D9B4ED6FEC5B8B2DAF6WA929B1C7D14CDC88B196EBDCCEA77AFF7BB9 HTTP/1.1" 200 647 "http://localhost:3000/" "Mozilla/5.0 (Windows NT 10.0; Win64; x64) AppleWebKit/537.36 (KHTML, like Gecko) Chrome/100.0.4896.127 Safari/537.36"
method:: GET 	 url:: /users?key=D73373D9B4ED6FEC5B8B2DAF6WA929B1C7D14CDC88B196EBDCCEA77AFF7BB9 	 host:: localhost 	status:: 200 	 content-length:: 647 	response-time:: 243.741 ms
::1 - - [Tue, 26 Apr 2022 16:00:17 GMT] "GET /users?key=D73373D9B4ED6FEC5B8B2DAF6WA929B1C7D14CDC88B196EBDCCEA77AFF7BB9 HTTP/1.1" 304 - "http://localhost:3000/" "Mozilla/5.0 (Windows NT 10.0; Win64; x64) AppleWebKit/537.36 (KHTML, like Gecko) Chrome/100.0.4896.127 Safari/537.36"
method:: GET 	 url:: /users?key=D73373D9B4ED6FEC5B8B2DAF6WA929B1C7D14CDC88B196EBDCCEA77AFF7BB9 	 host:: localhost 	status:: 304 	 content-length:: - 	response-time:: 246.686 ms
::1 - - [Tue, 26 Apr 2022 16:00:18 GMT] "GET /class/get/created/6268170e6a8ef9132858740a HTTP/1.1" 200 2 "http://localhost:3000/" "Mozilla/5.0 (Windows NT 10.0; Win64; x64) AppleWebKit/537.36 (KHTML, like Gecko) Chrome/100.0.4896.127 Safari/537.36"
method:: GET 	 url:: /class/get/created/6268170e6a8ef9132858740a 	 host:: localhost 	status:: 200 	 content-length:: 2 	response-time:: 243.323 ms
::1 - - [Tue, 26 Apr 2022 16:00:18 GMT] "GET /class/get/taught/6268170e6a8ef9132858740a HTTP/1.1" 200 2 "http://localhost:3000/" "Mozilla/5.0 (Windows NT 10.0; Win64; x64) AppleWebKit/537.36 (KHTML, like Gecko) Chrome/100.0.4896.127 Safari/537.36"
method:: GET 	 url:: /class/get/taught/6268170e6a8ef9132858740a 	 host:: localhost 	status:: 200 	 content-length:: 2 	response-time:: 243.812 ms
::1 - - [Tue, 26 Apr 2022 16:00:18 GMT] "GET /class/get/studied/6268170e6a8ef9132858740a HTTP/1.1" 200 2 "http://localhost:3000/" "Mozilla/5.0 (Windows NT 10.0; Win64; x64) AppleWebKit/537.36 (KHTML, like Gecko) Chrome/100.0.4896.127 Safari/537.36"
method:: GET 	 url:: /class/get/studied/6268170e6a8ef9132858740a 	 host:: localhost 	status:: 200 	 content-length:: 2 	response-time:: 244.344 ms
::1 - - [Tue, 26 Apr 2022 16:00:31 GMT] "GET /users?key=D73373D9B4ED6FEC5B8B2DAF6WA929B1C7D14CDC88B196EBDCCEA77AFF7BB9 HTTP/1.1" 304 - "http://localhost:3000/" "Mozilla/5.0 (Windows NT 10.0; Win64; x64) AppleWebKit/537.36 (KHTML, like Gecko) Chrome/100.0.4896.127 Safari/537.36"
method:: GET 	 url:: /users?key=D73373D9B4ED6FEC5B8B2DAF6WA929B1C7D14CDC88B196EBDCCEA77AFF7BB9 	 host:: localhost 	status:: 304 	 content-length:: - 	response-time:: 249.860 ms
::1 - - [Tue, 26 Apr 2022 16:00:31 GMT] "GET /users?key=D73373D9B4ED6FEC5B8B2DAF6WA929B1C7D14CDC88B196EBDCCEA77AFF7BB9 HTTP/1.1" 304 - "http://localhost:3000/" "Mozilla/5.0 (Windows NT 10.0; Win64; x64) AppleWebKit/537.36 (KHTML, like Gecko) Chrome/100.0.4896.127 Safari/537.36"
method:: GET 	 url:: /users?key=D73373D9B4ED6FEC5B8B2DAF6WA929B1C7D14CDC88B196EBDCCEA77AFF7BB9 	 host:: localhost 	status:: 304 	 content-length:: - 	response-time:: 241.891 ms
::1 - - [Tue, 26 Apr 2022 16:00:54 GMT] "POST /users/profile_picture HTTP/1.1" 200 35 "http://localhost:3000/" "Mozilla/5.0 (Windows NT 10.0; Win64; x64) AppleWebKit/537.36 (KHTML, like Gecko) Chrome/100.0.4896.127 Safari/537.36"
method:: POST 	 url:: /users/profile_picture 	 host:: localhost 	status:: 200 	 content-length:: 35 	response-time:: 1989.016 ms
::1 - - [Tue, 26 Apr 2022 16:01:06 GMT] "GET /users?key=D73373D9B4ED6FEC5B8B2DAF6WA929B1C7D14CDC88B196EBDCCEA77AFF7BB9 HTTP/1.1" 200 899 "http://localhost:3000/" "Mozilla/5.0 (Windows NT 10.0; Win64; x64) AppleWebKit/537.36 (KHTML, like Gecko) Chrome/100.0.4896.127 Safari/537.36"
method:: GET 	 url:: /users?key=D73373D9B4ED6FEC5B8B2DAF6WA929B1C7D14CDC88B196EBDCCEA77AFF7BB9 	 host:: localhost 	status:: 200 	 content-length:: 899 	response-time:: 246.310 ms
::1 - - [Tue, 26 Apr 2022 16:01:06 GMT] "GET /users?key=D73373D9B4ED6FEC5B8B2DAF6WA929B1C7D14CDC88B196EBDCCEA77AFF7BB9 HTTP/1.1" 304 - "http://localhost:3000/" "Mozilla/5.0 (Windows NT 10.0; Win64; x64) AppleWebKit/537.36 (KHTML, like Gecko) Chrome/100.0.4896.127 Safari/537.36"
method:: GET 	 url:: /users?key=D73373D9B4ED6FEC5B8B2DAF6WA929B1C7D14CDC88B196EBDCCEA77AFF7BB9 	 host:: localhost 	status:: 304 	 content-length:: - 	response-time:: 243.134 ms
::1 - - [Tue, 26 Apr 2022 16:01:06 GMT] "GET /class/get/created/6268170e6a8ef9132858740a HTTP/1.1" 304 - "http://localhost:3000/" "Mozilla/5.0 (Windows NT 10.0; Win64; x64) AppleWebKit/537.36 (KHTML, like Gecko) Chrome/100.0.4896.127 Safari/537.36"
method:: GET 	 url:: /class/get/created/6268170e6a8ef9132858740a 	 host:: localhost 	status:: 304 	 content-length:: - 	response-time:: 239.114 ms
::1 - - [Tue, 26 Apr 2022 16:01:06 GMT] "GET /class/get/studied/6268170e6a8ef9132858740a HTTP/1.1" 304 - "http://localhost:3000/" "Mozilla/5.0 (Windows NT 10.0; Win64; x64) AppleWebKit/537.36 (KHTML, like Gecko) Chrome/100.0.4896.127 Safari/537.36"
method:: GET 	 url:: /class/get/studied/6268170e6a8ef9132858740a 	 host:: localhost 	status:: 304 	 content-length:: - 	response-time:: 237.513 ms
::1 - - [Tue, 26 Apr 2022 16:01:06 GMT] "GET /class/get/taught/6268170e6a8ef9132858740a HTTP/1.1" 304 - "http://localhost:3000/" "Mozilla/5.0 (Windows NT 10.0; Win64; x64) AppleWebKit/537.36 (KHTML, like Gecko) Chrome/100.0.4896.127 Safari/537.36"
method:: GET 	 url:: /class/get/taught/6268170e6a8ef9132858740a 	 host:: localhost 	status:: 304 	 content-length:: - 	response-time:: 246.470 ms
::1 - - [Tue, 26 Apr 2022 16:01:15 GMT] "GET /users?key=D73373D9B4ED6FEC5B8B2DAF6WA929B1C7D14CDC88B196EBDCCEA77AFF7BB9 HTTP/1.1" 304 - "http://localhost:3000/" "Mozilla/5.0 (Windows NT 10.0; Win64; x64) AppleWebKit/537.36 (KHTML, like Gecko) Chrome/100.0.4896.127 Safari/537.36"
method:: GET 	 url:: /users?key=D73373D9B4ED6FEC5B8B2DAF6WA929B1C7D14CDC88B196EBDCCEA77AFF7BB9 	 host:: localhost 	status:: 304 	 content-length:: - 	response-time:: 239.179 ms
::1 - - [Tue, 26 Apr 2022 16:01:15 GMT] "GET /users?key=D73373D9B4ED6FEC5B8B2DAF6WA929B1C7D14CDC88B196EBDCCEA77AFF7BB9 HTTP/1.1" 304 - "http://localhost:3000/" "Mozilla/5.0 (Windows NT 10.0; Win64; x64) AppleWebKit/537.36 (KHTML, like Gecko) Chrome/100.0.4896.127 Safari/537.36"
method:: GET 	 url:: /users?key=D73373D9B4ED6FEC5B8B2DAF6WA929B1C7D14CDC88B196EBDCCEA77AFF7BB9 	 host:: localhost 	status:: 304 	 content-length:: - 	response-time:: 241.951 ms
::1 - - [Tue, 26 Apr 2022 16:01:15 GMT] "GET /class/get/created/6268170e6a8ef9132858740a HTTP/1.1" 304 - "http://localhost:3000/" "Mozilla/5.0 (Windows NT 10.0; Win64; x64) AppleWebKit/537.36 (KHTML, like Gecko) Chrome/100.0.4896.127 Safari/537.36"
method:: GET 	 url:: /class/get/created/6268170e6a8ef9132858740a 	 host:: localhost 	status:: 304 	 content-length:: - 	response-time:: 237.717 ms
::1 - - [Tue, 26 Apr 2022 16:01:15 GMT] "GET /class/get/studied/6268170e6a8ef9132858740a HTTP/1.1" 304 - "http://localhost:3000/" "Mozilla/5.0 (Windows NT 10.0; Win64; x64) AppleWebKit/537.36 (KHTML, like Gecko) Chrome/100.0.4896.127 Safari/537.36"
method:: GET 	 url:: /class/get/studied/6268170e6a8ef9132858740a 	 host:: localhost 	status:: 304 	 content-length:: - 	response-time:: 239.611 ms
::1 - - [Tue, 26 Apr 2022 16:01:15 GMT] "GET /class/get/taught/6268170e6a8ef9132858740a HTTP/1.1" 304 - "http://localhost:3000/" "Mozilla/5.0 (Windows NT 10.0; Win64; x64) AppleWebKit/537.36 (KHTML, like Gecko) Chrome/100.0.4896.127 Safari/537.36"
method:: GET 	 url:: /class/get/taught/6268170e6a8ef9132858740a 	 host:: localhost 	status:: 304 	 content-length:: - 	response-time:: 244.245 ms
::1 - - [Tue, 26 Apr 2022 16:01:16 GMT] "GET /class/get/taught/6268170e6a8ef9132858740a HTTP/1.1" 304 - "http://localhost:3000/" "Mozilla/5.0 (Windows NT 10.0; Win64; x64) AppleWebKit/537.36 (KHTML, like Gecko) Chrome/100.0.4896.127 Safari/537.36"
method:: GET 	 url:: /class/get/taught/6268170e6a8ef9132858740a 	 host:: localhost 	status:: 304 	 content-length:: - 	response-time:: 235.151 ms
::1 - - [Tue, 26 Apr 2022 16:01:16 GMT] "GET /class/get/created/6268170e6a8ef9132858740a HTTP/1.1" 304 - "http://localhost:3000/" "Mozilla/5.0 (Windows NT 10.0; Win64; x64) AppleWebKit/537.36 (KHTML, like Gecko) Chrome/100.0.4896.127 Safari/537.36"
method:: GET 	 url:: /class/get/created/6268170e6a8ef9132858740a 	 host:: localhost 	status:: 304 	 content-length:: - 	response-time:: 240.519 ms
::1 - - [Tue, 26 Apr 2022 16:01:16 GMT] "GET /class/get/studied/6268170e6a8ef9132858740a HTTP/1.1" 304 - "http://localhost:3000/" "Mozilla/5.0 (Windows NT 10.0; Win64; x64) AppleWebKit/537.36 (KHTML, like Gecko) Chrome/100.0.4896.127 Safari/537.36"
method:: GET 	 url:: /class/get/studied/6268170e6a8ef9132858740a 	 host:: localhost 	status:: 304 	 content-length:: - 	response-time:: 239.578 ms
::1 - - [Tue, 26 Apr 2022 18:10:15 GMT] "GET /api-docs HTTP/1.1" 301 183 "-" "Mozilla/5.0 (Windows NT 10.0; Win64; x64) AppleWebKit/537.36 (KHTML, like Gecko) Chrome/100.0.4896.127 Safari/537.36"
method:: GET 	 url:: /api-docs 	 host:: localhost 	status:: 301 	 content-length:: 183 	response-time:: 3.211 ms
::1 - - [Tue, 26 Apr 2022 18:10:15 GMT] "GET /api-docs/ HTTP/1.1" 304 - "-" "Mozilla/5.0 (Windows NT 10.0; Win64; x64) AppleWebKit/537.36 (KHTML, like Gecko) Chrome/100.0.4896.127 Safari/537.36"
method:: GET 	 url:: /api-docs/ 	 host:: localhost 	status:: 304 	 content-length:: - 	response-time:: 3.708 ms
::1 - - [Tue, 26 Apr 2022 18:10:15 GMT] "GET /api-docs/swagger-ui-standalone-preset.js HTTP/1.1" 304 - "http://localhost:5000/api-docs/" "Mozilla/5.0 (Windows NT 10.0; Win64; x64) AppleWebKit/537.36 (KHTML, like Gecko) Chrome/100.0.4896.127 Safari/537.36"
method:: GET 	 url:: /api-docs/swagger-ui-standalone-preset.js 	 host:: localhost 	status:: 304 	 content-length:: - 	response-time:: 4.030 ms
::1 - - [Tue, 26 Apr 2022 18:10:15 GMT] "GET /api-docs/swagger-ui.css HTTP/1.1" 304 - "http://localhost:5000/api-docs/" "Mozilla/5.0 (Windows NT 10.0; Win64; x64) AppleWebKit/537.36 (KHTML, like Gecko) Chrome/100.0.4896.127 Safari/537.36"
method:: GET 	 url:: /api-docs/swagger-ui.css 	 host:: localhost 	status:: 304 	 content-length:: - 	response-time:: 6.055 ms
::1 - - [Tue, 26 Apr 2022 18:10:15 GMT] "GET /api-docs/swagger-ui-bundle.js HTTP/1.1" 304 - "http://localhost:5000/api-docs/" "Mozilla/5.0 (Windows NT 10.0; Win64; x64) AppleWebKit/537.36 (KHTML, like Gecko) Chrome/100.0.4896.127 Safari/537.36"
method:: GET 	 url:: /api-docs/swagger-ui-bundle.js 	 host:: localhost 	status:: 304 	 content-length:: - 	response-time:: 7.899 ms
::1 - - [Tue, 26 Apr 2022 18:10:15 GMT] "GET /api-docs/swagger-ui-init.js HTTP/1.1" 304 - "http://localhost:5000/api-docs/" "Mozilla/5.0 (Windows NT 10.0; Win64; x64) AppleWebKit/537.36 (KHTML, like Gecko) Chrome/100.0.4896.127 Safari/537.36"
method:: GET 	 url:: /api-docs/swagger-ui-init.js 	 host:: localhost 	status:: 304 	 content-length:: - 	response-time:: 0.522 ms
::1 - - [Tue, 26 Apr 2022 18:10:24 GMT] "GET /api/welcome HTTP/1.1" 200 41 "-" "Mozilla/5.0 (Windows NT 10.0; Win64; x64) AppleWebKit/537.36 (KHTML, like Gecko) Chrome/100.0.4896.127 Safari/537.36"
method:: GET 	 url:: /api/welcome 	 host:: localhost 	status:: 200 	 content-length:: 41 	response-time:: 1.937 ms
